{"numFailedTestSuites":1,"numFailedTests":11,"numPassedTestSuites":0,"numPassedTests":14,"numPendingTestSuites":0,"numPendingTests":0,"numRuntimeErrorTestSuites":0,"numTodoTests":0,"numTotalTestSuites":1,"numTotalTests":25,"openHandles":[],"snapshot":{"added":0,"didUpdate":false,"failure":false,"filesAdded":0,"filesRemoved":0,"filesRemovedList":[],"filesUnmatched":0,"filesUpdated":0,"matched":0,"total":0,"unchecked":0,"uncheckedKeysByFile":[],"unmatched":0,"updated":0},"startTime":1741356486495,"success":false,"testResults":[{"assertionResults":[{"ancestorTitles":["HomePage Initial Render"],"duration":238,"failureDetails":[],"failureMessages":[],"fullName":"HomePage Initial Render The banner image is displayed","invocations":1,"location":null,"numPassingAsserts":1,"retryReasons":[],"status":"passed","title":"The banner image is displayed"},{"ancestorTitles":["HomePage Initial Render"],"duration":53,"failureDetails":[],"failureMessages":[],"fullName":"HomePage Initial Render The 'Filter By Category' section is present","invocations":1,"location":null,"numPassingAsserts":1,"retryReasons":[],"status":"passed","title":"The 'Filter By Category' section is present"},{"ancestorTitles":["HomePage Initial Render"],"duration":45,"failureDetails":[],"failureMessages":[],"fullName":"HomePage Initial Render The 'All Products' section is present","invocations":1,"location":null,"numPassingAsserts":1,"retryReasons":[],"status":"passed","title":"The 'All Products' section is present"},{"ancestorTitles":["HomePage Initial Render"],"duration":68,"failureDetails":[],"failureMessages":[],"fullName":"HomePage Initial Render Default state should have an empty product list","invocations":1,"location":null,"numPassingAsserts":1,"retryReasons":[],"status":"passed","title":"Default state should have an empty product list"},{"ancestorTitles":["Fetching Categories in HomePage"],"duration":67,"failureDetails":[],"failureMessages":[],"fullName":"Fetching Categories in HomePage Handles successful API response with multiple categories","invocations":1,"location":null,"numPassingAsserts":2,"retryReasons":[],"status":"passed","title":"Handles successful API response with multiple categories"},{"ancestorTitles":["Fetching Categories in HomePage"],"duration":41,"failureDetails":[],"failureMessages":[],"fullName":"Fetching Categories in HomePage Handles API returning an empty category list","invocations":1,"location":null,"numPassingAsserts":1,"retryReasons":[],"status":"passed","title":"Handles API returning an empty category list"},{"ancestorTitles":["Fetching Categories in HomePage"],"duration":51,"failureDetails":[],"failureMessages":[],"fullName":"Fetching Categories in HomePage Handles API failure gracefully","invocations":1,"location":null,"numPassingAsserts":1,"retryReasons":[],"status":"passed","title":"Handles API failure gracefully"},{"ancestorTitles":["Fetching Products in HomePage"],"duration":56,"failureDetails":[],"failureMessages":[],"fullName":"Fetching Products in HomePage Handles successful API response with multiple products","invocations":1,"location":null,"numPassingAsserts":2,"retryReasons":[],"status":"passed","title":"Handles successful API response with multiple products"},{"ancestorTitles":["Fetching Products in HomePage"],"duration":44,"failureDetails":[],"failureMessages":[],"fullName":"Fetching Products in HomePage Handles API returning an empty product list","invocations":1,"location":null,"numPassingAsserts":1,"retryReasons":[],"status":"passed","title":"Handles API returning an empty product list"},{"ancestorTitles":["Fetching Products in HomePage"],"duration":51,"failureDetails":[],"failureMessages":[],"fullName":"Fetching Products in HomePage Handles API failure gracefully","invocations":1,"location":null,"numPassingAsserts":2,"retryReasons":[],"status":"passed","title":"Handles API failure gracefully"},{"ancestorTitles":["Filtering by Category in HomePage"],"duration":83,"failureDetails":[],"failureMessages":[],"fullName":"Filtering by Category in HomePage Selecting one category updates the product list","invocations":1,"location":null,"numPassingAsserts":2,"retryReasons":[],"status":"passed","title":"Selecting one category updates the product list"},{"ancestorTitles":["Filtering by Category in HomePage"],"duration":1077,"failureDetails":[{"name":"TestingLibraryElementError"}],"failureMessages":["Error: Unable to find an element with the text: T-Shirt. This could be because the text is broken up by multiple elements. In this case, you can provide a function for your text matcher to make your matcher more flexible.\n\nIgnored nodes: comments, script, style\n\u001b[36m<body>\u001b[39m\n  \u001b[36m<div>\u001b[39m\n    \u001b[36m<div>\u001b[39m\n      \u001b[36m<img\u001b[39m\n        \u001b[33malt\u001b[39m=\u001b[32m\"bannerimage\"\u001b[39m\n        \u001b[33mclass\u001b[39m=\u001b[32m\"banner-img\"\u001b[39m\n        \u001b[33msrc\u001b[39m=\u001b[32m\"/images/Virtual.png\"\u001b[39m\n        \u001b[33mwidth\u001b[39m=\u001b[32m\"100%\"\u001b[39m\n      \u001b[36m/>\u001b[39m\n      \u001b[36m<div\u001b[39m\n        \u001b[33mclass\u001b[39m=\u001b[32m\"container-fluid row mt-3 home-page\"\u001b[39m\n      \u001b[36m>\u001b[39m\n        \u001b[36m<div\u001b[39m\n          \u001b[33mclass\u001b[39m=\u001b[32m\"col-md-3 filters\"\u001b[39m\n        \u001b[36m>\u001b[39m\n          \u001b[36m<h4\u001b[39m\n            \u001b[33mclass\u001b[39m=\u001b[32m\"text-center\"\u001b[39m\n          \u001b[36m>\u001b[39m\n            \u001b[0mFilter By Category\u001b[0m\n          \u001b[36m</h4>\u001b[39m\n          \u001b[36m<div\u001b[39m\n            \u001b[33mclass\u001b[39m=\u001b[32m\"d-flex flex-column\"\u001b[39m\n          \u001b[36m>\u001b[39m\n            \u001b[36m<label\u001b[39m\n              \u001b[33mclass\u001b[39m=\u001b[32m\"ant-checkbox-wrapper css-dev-only-do-not-override-1drr2mu\"\u001b[39m\n            \u001b[36m>\u001b[39m\n              \u001b[36m<span\u001b[39m\n                \u001b[33mclass\u001b[39m=\u001b[32m\"ant-checkbox ant-wave-target css-dev-only-do-not-override-1drr2mu ant-checkbox-checked\"\u001b[39m\n              \u001b[36m>\u001b[39m\n                \u001b[36m<input\u001b[39m\n                  \u001b[33mclass\u001b[39m=\u001b[32m\"ant-checkbox-input\"\u001b[39m\n                  \u001b[33mtype\u001b[39m=\u001b[32m\"checkbox\"\u001b[39m\n                \u001b[36m/>\u001b[39m\n                \u001b[36m<span\u001b[39m\n                  \u001b[33mclass\u001b[39m=\u001b[32m\"ant-checkbox-inner\"\u001b[39m\n                \u001b[36m/>\u001b[39m\n              \u001b[36m</span>\u001b[39m\n              \u001b[36m<span>\u001b[39m\n                \u001b[0mElectronics\u001b[0m\n              \u001b[36m</span>\u001b[39m\n            \u001b[36m</label>\u001b[39m\n            \u001b[36m<label\u001b[39m\n              \u001b[33mclass\u001b[39m=\u001b[32m\"ant-checkbox-wrapper css-dev-only-do-not-override-1drr2mu\"\u001b[39m\n            \u001b[36m>\u001b[39m\n              \u001b[36m<span\u001b[39m\n                \u001b[33mclass\u001b[39m=\u001b[32m\"ant-checkbox ant-wave-target css-dev-only-do-not-override-1drr2mu ant-checkbox-checked\"\u001b[39m\n              \u001b[36m>\u001b[39m\n                \u001b[36m<input\u001b[39m\n                  \u001b[33mclass\u001b[39m=\u001b[32m\"ant-checkbox-input\"\u001b[39m\n                  \u001b[33mtype\u001b[39m=\u001b[32m\"checkbox\"\u001b[39m\n                \u001b[36m/>\u001b[39m\n                \u001b[36m<span\u001b[39m\n                  \u001b[33mclass\u001b[39m=\u001b[32m\"ant-checkbox-inner\"\u001b[39m\n                \u001b[36m/>\u001b[39m\n              \u001b[36m</span>\u001b[39m\n              \u001b[36m<span>\u001b[39m\n                \u001b[0mClothing\u001b[0m\n              \u001b[36m</span>\u001b[39m\n            \u001b[36m</label>\u001b[39m\n          \u001b[36m</div>\u001b[39m\n          \u001b[36m<h4\u001b[39m\n            \u001b[33mclass\u001b[39m=\u001b[32m\"text-center mt-4\"\u001b[39m\n          \u001b[36m>\u001b[39m\n            \u001b[0mFilter By Price\u001b[0m\n          \u001b[36m</h4>\u001b[39m\n          \u001b[36m<div\u001b[39m\n            \u001b[33mclass\u001b[39m=\u001b[32m\"d-flex flex-column\"\u001b[39m\n          \u001b[36m>\u001b[39m\n            \u001b[36m<div\u001b[39m\n              \u001b[33mclass\u001b[39m=\u001b[32m\"ant-radio-group ant-radio-group-outline css-dev-only-do-not-override-1drr2mu\"\u001b[39m\n            \u001b[36m>\u001b[39m\n              \u001b[36m<div>\u001b[39m\n                \u001b[36m<label\u001b[39m\n                  \u001b[33mclass\u001b[39m=\u001b[32m\"ant-radio-wrapper css-dev-only-do-not-override-1drr2mu\"\u001b[39m\n                \u001b[36m>\u001b[39m\n                  \u001b[36m<span\u001b[39m\n                    \u001b[33mclass\u001b[39m=\u001b[32m\"ant-radio ant-wave-target\"\u001b[39m\n                  \u001b[36m>\u001b[39m\n                    \u001b[36m<input\u001b[39m\n                      \u001b[33mclass\u001b[39m=\u001b[32m\"ant-radio-input\"\u001b[39m\n                      \u001b[33mtype\u001b[39m=\u001b[32m\"radio\"\u001b[39m\n                      \u001b[33mvalue\u001b[39m=\u001b[32m\"0,19\"\u001b[39m\n                    \u001b[36m/>\u001b[39m\n                    \u001b[36m<span\u001b[39m\n                      \u001b[33mclass\u001b[39m=\u001b[32m\"ant-radio-inner\"\u001b[39m\n                    \u001b[36m/>\u001b[39m\n                  \u001b[36m</span>\u001b[39m\n                  \u001b[36m<span>\u001b[39m\n                    \u001b[0m$0 to 19\u001b[0m\n                  \u001b[36m</span>\u001b[39m\n                \u001b[36m</label>\u001b[39m\n              \u001b[36m</div>\u001b[39m\n              \u001b[36m<div>\u001b[39m\n                \u001b[36m<label\u001b[39m\n                  \u001b[33mclass\u001b[39m=\u001b[32m\"ant-radio-wrapper css-dev-only-do-not-override-1drr2mu\"\u001b[39m\n                \u001b[36m>\u001b[39m\n                  \u001b[36m<span\u001b[39m\n                    \u001b[33mclass\u001b[39m=\u001b[32m\"ant-radio ant-wave-target\"\u001b[39m\n                  \u001b[36m>\u001b[39m\n                    \u001b[36m<input\u001b[39m\n                      \u001b[33mclass\u001b[39m=\u001b[32m\"ant-radio-input\"\u001b[39m\n                      \u001b[33mtype\u001b[39m=\u001b[32m\"radio\"\u001b[39m\n                      \u001b[33mvalue\u001b[39m=\u001b[32m\"20,39\"\u001b[39m\n                    \u001b[36m/>\u001b[39m\n                    \u001b[36m<span\u001b[39m\n                      \u001b[33mclass\u001b[39m=\u001b[32m\"ant-radio-inner\"\u001b[39m\n                    \u001b[36m/>\u001b[39m\n                  \u001b[36m</span>\u001b[39m\n                  \u001b[36m<span>\u001b[39m\n                    \u001b[0m$20 to 39\u001b[0m\n                  \u001b[36m</span>\u001b[39m\n                \u001b[36m</label>\u001b[39m\n              \u001b[36m</div>\u001b[39m\n              \u001b[36m<div>\u001b[39m\n                \u001b[36m<label\u001b[39m\n                  \u001b[33mclass\u001b[39m=\u001b[32m\"ant-radio-wrapper css-dev-only-do-not-override-1drr2mu\"\u001b[39m\n                \u001b[36m>\u001b[39m\n                  \u001b[36m<span\u001b[39m\n                    \u001b[33mclass\u001b[39m=\u001b[32m\"ant-radio ant-wave-target\"\u001b[39m\n                  \u001b[36m>\u001b[39m\n                    \u001b[36m<input\u001b[39m\n                      \u001b[33mclass\u001b[39m=\u001b[32m\"ant-radio-input\"\u001b[39m\n                      \u001b[33mtype\u001b[39m=\u001b[32m\"radio\"\u001b[39m\n                      \u001b[33mvalue\u001b[39m=\u001b[32m\"40,59\"\u001b[39m\n                    \u001b[36m/>\u001b[39m\n                    \u001b[36m<span\u001b[39m\n                      \u001b[33mclass\u001b[39m=\u001b[32m\"ant-radio-inner\"\u001b[39m\n                    \u001b[36m/>\u001b[39m\n                  \u001b[36m</span>\u001b[39m\n                  \u001b[36m<span>\u001b[39m\n                    \u001b[0m$40 to 59\u001b[0m\n                  \u001b[36m</span>\u001b[39m\n                \u001b[36m</label>\u001b[39m\n              \u001b[36m</div>\u001b[39m\n              \u001b[36m<div>\u001b[39m\n                \u001b[36m<label\u001b[39m\n                  \u001b[33mclass\u001b[39m=\u001b[32m\"ant-radio-wrapper css-dev-only-do-not-override-1drr2mu\"\u001b[39m\n                \u001b[36m>\u001b[39m\n                  \u001b[36m<span\u001b[39m\n                    \u001b[33mclass\u001b[39m=\u001b[32m\"ant-radio ant-wave-target\"\u001b[39m\n                  \u001b[36m>\u001b[39m\n                    \u001b[36m<input\u001b[39m\n                      \u001b[33mclass\u001b[39m=\u001b[32m\"ant-radio-input\"\u001b[39m\n                      \u001b[33mtype\u001b[39m=\u001b[32m\"radio\"\u001b[39m\n                      \u001b[33mvalue\u001b[39m=\u001b[32m\"60,79\"\u001b[39m\n                    \u001b[36m/>\u001b[39m\n                    \u001b[36m<span\u001b[39m\n                      \u001b[33mclass\u001b[39m=\u001b[32m\"ant-radio-inner\"\u001b[39m\n                    \u001b[36m/>\u001b[39m\n                  \u001b[36m</span>\u001b[39m\n                  \u001b[36m<span>\u001b[39m\n                    \u001b[0m$60 to 79\u001b[0m\n                  \u001b[36m</span>\u001b[39m\n                \u001b[36m</label>\u001b[39m\n              \u001b[36m</div>\u001b[39m\n              \u001b[36m<div>\u001b[39m\n                \u001b[36m<label\u001b[39m\n                  \u001b[33mclass\u001b[39m=\u001b[32m\"ant-radio-wrapper css-dev-only-do-not-override-1drr2mu\"\u001b[39m\n                \u001b[36m>\u001b[39m\n                  \u001b[36m<span\u001b[39m\n                    \u001b[33mclass\u001b[39m=\u001b[32m\"ant-radio ant-wave-target\"\u001b[39m\n                  \u001b[36m>\u001b[39m\n                    \u001b[36m<input\u001b[39m\n                      \u001b[33mclass\u001b[39m=\u001b[32m\"ant-radio-input\"\u001b[39m\n                      \u001b[33mtype\u001b[39m=\u001b[32m\"radio\"\u001b[39m\n                      \u001b[33mvalue\u001b[39m=\u001b[32m\"80,99\"\u001b[39m\n                    \u001b[36m/>\u001b[39m\n                    \u001b[36m<span\u001b[39m\n                      \u001b[33mclass\u001b[39m=\u001b[32m\"ant-radio-inner\"\u001b[39m\n                    \u001b[36m/>\u001b[39m\n                  \u001b[36m</span>\u001b[39m\n                  \u001b[36m<span>\u001b[39m\n                    \u001b[0m$80 to 99\u001b[0m\n                  \u001b[36m</span>\u001b[39m\n                \u001b[36m</label>\u001b[39m\n              \u001b[36m</div>\u001b[39m\n              \u001b[36m<div>\u001b[39m\n                \u001b[36m<label\u001b[39m\n                  \u001b[33mclass\u001b[39m=\u001b[32m\"ant-radio-wrapper css-dev-only-do-not-override-1drr2mu\"\u001b[39m\n                \u001b[36m>\u001b[39m\n                  \u001b[36m<span\u001b[39m\n                    \u001b[33mclass\u001b[39m=\u001b[32m\"ant-radio ant-wave-target\"\u001b[39m\n                  \u001b[36m>\u001b[39m\n                    \u001b[36m<input\u001b[39m\n                      \u001b[33mclass\u001b[39m=\u001b[32m\"ant-radio-input\"\u001b[39m\n                      \u001b[33mtype\u001b[39m=\u001b[32m\"radio\"\u001b[39m\n                      \u001b[33mvalue\u001b[39m=\u001b[32m\"100,9999\"\u001b[39m\n                    \u001b[36m/>\u001b[39m\n                    \u001b[36m<span\u001b[39m\n                      \u001b[33mclass\u001b[39m=\u001b[32m\"ant-radio-inner\"\u001b[39m\n                    \u001b[36m/>\u001b[39m\n                  \u001b[36m</span>\u001b[39m\n                  \u001b[36m<span>\u001b[39m\n                    \u001b[0m$100 or more\u001b[0m\n                  \u001b[36m</span>\u001b[39m\n                \u001b[36m</label>\u001b[39m\n              \u001b[36m</div>\u001b[39m\n            \u001b[36m</div>\u001b[39m\n          \u001b[36m</div>\u001b[39m\n          \u001b[36m<div\u001b[39m\n            \u001b[33mclass\u001b[39m=\u001b[32m\"d-flex flex-column\"\u001b[39m\n          \u001b[36m>\u001b[39m\n            \u001b[36m<button\u001b[39m\n              \u001b[33mclass\u001b[39m=\u001b[32m\"btn btn-danger\"\u001b[39m\n            \u001b[36m>\u001b[39m\n              \u001b[0mRESET FILTERS\u001b[0m\n            \u001b[36m</button>\u001b[39m\n          \u001b[36m</div>\u001b[39m\n        \u001b[36m</div>\u001b[39m\n        \u001b[36m<div\u001b[39m\n          \u001b[33mclass\u001b[39m=\u001b[32m\"col-md-9 \"\u001b[39m\n        \u001b[36m>\u001b[39m\n          \u001b[36m<h1\u001b[39m\n            \u001b[33mclass\u001b[39m=\u001b[32m\"text-center\"\u001b[39m\n          \u001b[36m>\u001b[39m\n            \u001b[0mAll Products\u001b[0m\n          \u001b[36m</h1>\u001b[39m\n          \u001b[36m<div\u001b[39m\n            \u001b[33mclass\u001b[39m=\u001b[32m\"d-flex flex-wrap\"\u001b[39m\n          \u001b[36m>\u001b[39m\n            \u001b[36m<h5\u001b[39m\n              \u001b[33mdata-testid\u001b[39m=\u001b[32m\"no-products-message\"\u001b[39m\n            \u001b[36m>\u001b[39m\n              \u001b[0mNo Products Found\u001b[0m\n            \u001b[36m</h5>\u001b[39m\n          \u001b[36m</div>\u001b[39m\n        \u001b[36m</div>\u001b[39m\n      \u001b[36m</div>\u001b[39m\n    \u001b[36m</div>\u001b[39m\n  \u001b[36m</div>\u001b[39m\n\u001b[36m</body>\u001b[39m\n    at waitForWrapper (C:\\Users\\jerom\\Desktop\\UNIVERSITY\\Y4S2\\CS4218\\cs4218-2420-ecom-project-team19\\client\\node_modules\\@testing-library\\react\\node_modules\\@testing-library\\dom\\dist\\wait-for.js:166:27)\n    at C:\\Users\\jerom\\Desktop\\UNIVERSITY\\Y4S2\\CS4218\\cs4218-2420-ecom-project-team19\\client\\node_modules\\@testing-library\\react\\node_modules\\@testing-library\\dom\\dist\\query-helpers.js:86:33\n    at Object.findByText (C:\\Users\\jerom\\Desktop\\UNIVERSITY\\Y4S2\\CS4218\\cs4218-2420-ecom-project-team19\\client\\src\\pages\\HomePage.test.js:280:29)"],"fullName":"Filtering by Category in HomePage Selecting multiple categories filters correctly","invocations":1,"location":null,"numPassingAsserts":3,"retryReasons":[],"status":"failed","title":"Selecting multiple categories filters correctly"},{"ancestorTitles":["Filtering by Category in HomePage"],"duration":100,"failureDetails":[{}],"failureMessages":["TypeError: Cannot read properties of undefined (reading 'substring')\n    at substring (C:\\Users\\jerom\\Desktop\\UNIVERSITY\\Y4S2\\CS4218\\cs4218-2420-ecom-project-team19\\client\\src\\pages\\HomePage.js:382:39)\n    at Array.map (<anonymous>)\n    at map (C:\\Users\\jerom\\Desktop\\UNIVERSITY\\Y4S2\\CS4218\\cs4218-2420-ecom-project-team19\\client\\src\\pages\\HomePage.js:377:24)\n    at renderWithHooks (C:\\Users\\jerom\\Desktop\\UNIVERSITY\\Y4S2\\CS4218\\cs4218-2420-ecom-project-team19\\client\\node_modules\\react-dom\\cjs\\react-dom.development.js:16305:18)\n    at updateFunctionComponent (C:\\Users\\jerom\\Desktop\\UNIVERSITY\\Y4S2\\CS4218\\cs4218-2420-ecom-project-team19\\client\\node_modules\\react-dom\\cjs\\react-dom.development.js:19588:20)\n    at beginWork (C:\\Users\\jerom\\Desktop\\UNIVERSITY\\Y4S2\\CS4218\\cs4218-2420-ecom-project-team19\\client\\node_modules\\react-dom\\cjs\\react-dom.development.js:21601:16)\n    at beginWork$1 (C:\\Users\\jerom\\Desktop\\UNIVERSITY\\Y4S2\\CS4218\\cs4218-2420-ecom-project-team19\\client\\node_modules\\react-dom\\cjs\\react-dom.development.js:27426:14)\n    at performUnitOfWork (C:\\Users\\jerom\\Desktop\\UNIVERSITY\\Y4S2\\CS4218\\cs4218-2420-ecom-project-team19\\client\\node_modules\\react-dom\\cjs\\react-dom.development.js:26560:12)\n    at workLoopSync (C:\\Users\\jerom\\Desktop\\UNIVERSITY\\Y4S2\\CS4218\\cs4218-2420-ecom-project-team19\\client\\node_modules\\react-dom\\cjs\\react-dom.development.js:26466:5)\n    at renderRootSync (C:\\Users\\jerom\\Desktop\\UNIVERSITY\\Y4S2\\CS4218\\cs4218-2420-ecom-project-team19\\client\\node_modules\\react-dom\\cjs\\react-dom.development.js:26434:7)\n    at recoverFromConcurrentError (C:\\Users\\jerom\\Desktop\\UNIVERSITY\\Y4S2\\CS4218\\cs4218-2420-ecom-project-team19\\client\\node_modules\\react-dom\\cjs\\react-dom.development.js:25850:20)\n    at performConcurrentWorkOnRoot (C:\\Users\\jerom\\Desktop\\UNIVERSITY\\Y4S2\\CS4218\\cs4218-2420-ecom-project-team19\\client\\node_modules\\react-dom\\cjs\\react-dom.development.js:25750:22)\n    at flushActQueue (C:\\Users\\jerom\\Desktop\\UNIVERSITY\\Y4S2\\CS4218\\cs4218-2420-ecom-project-team19\\client\\node_modules\\react\\cjs\\react.development.js:2667:24)\n    at act (C:\\Users\\jerom\\Desktop\\UNIVERSITY\\Y4S2\\CS4218\\cs4218-2420-ecom-project-team19\\client\\node_modules\\react\\cjs\\react.development.js:2582:11)\n    at C:\\Users\\jerom\\Desktop\\UNIVERSITY\\Y4S2\\CS4218\\cs4218-2420-ecom-project-team19\\client\\node_modules\\@testing-library\\react\\dist\\act-compat.js:63:25\n    at Object.eventWrapper (C:\\Users\\jerom\\Desktop\\UNIVERSITY\\Y4S2\\CS4218\\cs4218-2420-ecom-project-team19\\client\\node_modules\\@testing-library\\react\\dist\\pure.js:78:28)\n    at fireEvent (C:\\Users\\jerom\\Desktop\\UNIVERSITY\\Y4S2\\CS4218\\cs4218-2420-ecom-project-team19\\client\\node_modules\\@testing-library\\react\\node_modules\\@testing-library\\dom\\dist\\events.js:12:35)\n    at Function.fireEvent.<computed> [as click] (C:\\Users\\jerom\\Desktop\\UNIVERSITY\\Y4S2\\CS4218\\cs4218-2420-ecom-project-team19\\client\\node_modules\\@testing-library\\react\\node_modules\\@testing-library\\dom\\dist\\events.js:110:36)\n    at Function.fireEvent.<computed> [as click] (C:\\Users\\jerom\\Desktop\\UNIVERSITY\\Y4S2\\CS4218\\cs4218-2420-ecom-project-team19\\client\\node_modules\\@testing-library\\react\\dist\\fire-event.js:18:52)\n    at Object.click (C:\\Users\\jerom\\Desktop\\UNIVERSITY\\Y4S2\\CS4218\\cs4218-2420-ecom-project-team19\\client\\src\\pages\\HomePage.test.js:310:19)"],"fullName":"Filtering by Category in HomePage Deselecting categories restores the full product list","invocations":1,"location":null,"numPassingAsserts":2,"retryReasons":[],"status":"failed","title":"Deselecting categories restores the full product list"},{"ancestorTitles":["Filtering by Category in HomePage"],"duration":76,"failureDetails":[],"failureMessages":[],"fullName":"Filtering by Category in HomePage Filtering with 0 categories fetches all products","invocations":1,"location":null,"numPassingAsserts":4,"retryReasons":[],"status":"passed","title":"Filtering with 0 categories fetches all products"},{"ancestorTitles":["Filtering by Price in HomePage"],"duration":57,"failureDetails":[],"failureMessages":[],"fullName":"Filtering by Price in HomePage Selecting one price range updates the product list","invocations":1,"location":null,"numPassingAsserts":2,"retryReasons":[],"status":"passed","title":"Selecting one price range updates the product list"},{"ancestorTitles":["Filtering by Price in HomePage"],"duration":1048,"failureDetails":[{"name":"TestingLibraryElementError"}],"failureMessages":["Error: Unable to find an element with the text: Smartphone. This could be because the text is broken up by multiple elements. In this case, you can provide a function for your text matcher to make your matcher more flexible.\n\nIgnored nodes: comments, script, style\n\u001b[36m<body>\u001b[39m\n  \u001b[36m<div>\u001b[39m\n    \u001b[36m<div>\u001b[39m\n      \u001b[36m<img\u001b[39m\n        \u001b[33malt\u001b[39m=\u001b[32m\"bannerimage\"\u001b[39m\n        \u001b[33mclass\u001b[39m=\u001b[32m\"banner-img\"\u001b[39m\n        \u001b[33msrc\u001b[39m=\u001b[32m\"/images/Virtual.png\"\u001b[39m\n        \u001b[33mwidth\u001b[39m=\u001b[32m\"100%\"\u001b[39m\n      \u001b[36m/>\u001b[39m\n      \u001b[36m<div\u001b[39m\n        \u001b[33mclass\u001b[39m=\u001b[32m\"container-fluid row mt-3 home-page\"\u001b[39m\n      \u001b[36m>\u001b[39m\n        \u001b[36m<div\u001b[39m\n          \u001b[33mclass\u001b[39m=\u001b[32m\"col-md-3 filters\"\u001b[39m\n        \u001b[36m>\u001b[39m\n          \u001b[36m<h4\u001b[39m\n            \u001b[33mclass\u001b[39m=\u001b[32m\"text-center\"\u001b[39m\n          \u001b[36m>\u001b[39m\n            \u001b[0mFilter By Category\u001b[0m\n          \u001b[36m</h4>\u001b[39m\n          \u001b[36m<div\u001b[39m\n            \u001b[33mclass\u001b[39m=\u001b[32m\"d-flex flex-column\"\u001b[39m\n          \u001b[36m/>\u001b[39m\n          \u001b[36m<h4\u001b[39m\n            \u001b[33mclass\u001b[39m=\u001b[32m\"text-center mt-4\"\u001b[39m\n          \u001b[36m>\u001b[39m\n            \u001b[0mFilter By Price\u001b[0m\n          \u001b[36m</h4>\u001b[39m\n          \u001b[36m<div\u001b[39m\n            \u001b[33mclass\u001b[39m=\u001b[32m\"d-flex flex-column\"\u001b[39m\n          \u001b[36m>\u001b[39m\n            \u001b[36m<div\u001b[39m\n              \u001b[33mclass\u001b[39m=\u001b[32m\"ant-radio-group ant-radio-group-outline css-dev-only-do-not-override-1drr2mu\"\u001b[39m\n            \u001b[36m>\u001b[39m\n              \u001b[36m<div>\u001b[39m\n                \u001b[36m<label\u001b[39m\n                  \u001b[33mclass\u001b[39m=\u001b[32m\"ant-radio-wrapper css-dev-only-do-not-override-1drr2mu\"\u001b[39m\n                \u001b[36m>\u001b[39m\n                  \u001b[36m<span\u001b[39m\n                    \u001b[33mclass\u001b[39m=\u001b[32m\"ant-radio ant-wave-target\"\u001b[39m\n                  \u001b[36m>\u001b[39m\n                    \u001b[36m<input\u001b[39m\n                      \u001b[33mclass\u001b[39m=\u001b[32m\"ant-radio-input\"\u001b[39m\n                      \u001b[33mtype\u001b[39m=\u001b[32m\"radio\"\u001b[39m\n                      \u001b[33mvalue\u001b[39m=\u001b[32m\"0,19\"\u001b[39m\n                    \u001b[36m/>\u001b[39m\n                    \u001b[36m<span\u001b[39m\n                      \u001b[33mclass\u001b[39m=\u001b[32m\"ant-radio-inner\"\u001b[39m\n                    \u001b[36m/>\u001b[39m\n                  \u001b[36m</span>\u001b[39m\n                  \u001b[36m<span>\u001b[39m\n                    \u001b[0m$0 to 19\u001b[0m\n                  \u001b[36m</span>\u001b[39m\n                \u001b[36m</label>\u001b[39m\n              \u001b[36m</div>\u001b[39m\n              \u001b[36m<div>\u001b[39m\n                \u001b[36m<label\u001b[39m\n                  \u001b[33mclass\u001b[39m=\u001b[32m\"ant-radio-wrapper ant-radio-wrapper-checked css-dev-only-do-not-override-1drr2mu\"\u001b[39m\n                \u001b[36m>\u001b[39m\n                  \u001b[36m<span\u001b[39m\n                    \u001b[33mclass\u001b[39m=\u001b[32m\"ant-radio ant-wave-target ant-radio-checked\"\u001b[39m\n                  \u001b[36m>\u001b[39m\n                    \u001b[36m<input\u001b[39m\n                      \u001b[33mclass\u001b[39m=\u001b[32m\"ant-radio-input\"\u001b[39m\n                      \u001b[33mtype\u001b[39m=\u001b[32m\"radio\"\u001b[39m\n                      \u001b[33mvalue\u001b[39m=\u001b[32m\"20,39\"\u001b[39m\n                    \u001b[36m/>\u001b[39m\n                    \u001b[36m<span\u001b[39m\n                      \u001b[33mclass\u001b[39m=\u001b[32m\"ant-radio-inner\"\u001b[39m\n                    \u001b[36m/>\u001b[39m\n                  \u001b[36m</span>\u001b[39m\n                  \u001b[36m<span>\u001b[39m\n                    \u001b[0m$20 to 39\u001b[0m\n                  \u001b[36m</span>\u001b[39m\n                \u001b[36m</label>\u001b[39m\n              \u001b[36m</div>\u001b[39m\n              \u001b[36m<div>\u001b[39m\n                \u001b[36m<label\u001b[39m\n                  \u001b[33mclass\u001b[39m=\u001b[32m\"ant-radio-wrapper css-dev-only-do-not-override-1drr2mu\"\u001b[39m\n                \u001b[36m>\u001b[39m\n                  \u001b[36m<span\u001b[39m\n                    \u001b[33mclass\u001b[39m=\u001b[32m\"ant-radio ant-wave-target\"\u001b[39m\n                  \u001b[36m>\u001b[39m\n                    \u001b[36m<input\u001b[39m\n                      \u001b[33mclass\u001b[39m=\u001b[32m\"ant-radio-input\"\u001b[39m\n                      \u001b[33mtype\u001b[39m=\u001b[32m\"radio\"\u001b[39m\n                      \u001b[33mvalue\u001b[39m=\u001b[32m\"40,59\"\u001b[39m\n                    \u001b[36m/>\u001b[39m\n                    \u001b[36m<span\u001b[39m\n                      \u001b[33mclass\u001b[39m=\u001b[32m\"ant-radio-inner\"\u001b[39m\n                    \u001b[36m/>\u001b[39m\n                  \u001b[36m</span>\u001b[39m\n                  \u001b[36m<span>\u001b[39m\n                    \u001b[0m$40 to 59\u001b[0m\n                  \u001b[36m</span>\u001b[39m\n                \u001b[36m</label>\u001b[39m\n              \u001b[36m</div>\u001b[39m\n              \u001b[36m<div>\u001b[39m\n                \u001b[36m<label\u001b[39m\n                  \u001b[33mclass\u001b[39m=\u001b[32m\"ant-radio-wrapper css-dev-only-do-not-override-1drr2mu\"\u001b[39m\n                \u001b[36m>\u001b[39m\n                  \u001b[36m<span\u001b[39m\n                    \u001b[33mclass\u001b[39m=\u001b[32m\"ant-radio ant-wave-target\"\u001b[39m\n                  \u001b[36m>\u001b[39m\n                    \u001b[36m<input\u001b[39m\n                      \u001b[33mclass\u001b[39m=\u001b[32m\"ant-radio-input\"\u001b[39m\n                      \u001b[33mtype\u001b[39m=\u001b[32m\"radio\"\u001b[39m\n                      \u001b[33mvalue\u001b[39m=\u001b[32m\"60,79\"\u001b[39m\n                    \u001b[36m/>\u001b[39m\n                    \u001b[36m<span\u001b[39m\n                      \u001b[33mclass\u001b[39m=\u001b[32m\"ant-radio-inner\"\u001b[39m\n                    \u001b[36m/>\u001b[39m\n                  \u001b[36m</span>\u001b[39m\n                  \u001b[36m<span>\u001b[39m\n                    \u001b[0m$60 to 79\u001b[0m\n                  \u001b[36m</span>\u001b[39m\n                \u001b[36m</label>\u001b[39m\n              \u001b[36m</div>\u001b[39m\n              \u001b[36m<div>\u001b[39m\n                \u001b[36m<label\u001b[39m\n                  \u001b[33mclass\u001b[39m=\u001b[32m\"ant-radio-wrapper css-dev-only-do-not-override-1drr2mu\"\u001b[39m\n                \u001b[36m>\u001b[39m\n                  \u001b[36m<span\u001b[39m\n                    \u001b[33mclass\u001b[39m=\u001b[32m\"ant-radio ant-wave-target\"\u001b[39m\n                  \u001b[36m>\u001b[39m\n                    \u001b[36m<input\u001b[39m\n                      \u001b[33mclass\u001b[39m=\u001b[32m\"ant-radio-input\"\u001b[39m\n                      \u001b[33mtype\u001b[39m=\u001b[32m\"radio\"\u001b[39m\n                      \u001b[33mvalue\u001b[39m=\u001b[32m\"80,99\"\u001b[39m\n                    \u001b[36m/>\u001b[39m\n                    \u001b[36m<span\u001b[39m\n                      \u001b[33mclass\u001b[39m=\u001b[32m\"ant-radio-inner\"\u001b[39m\n                    \u001b[36m/>\u001b[39m\n                  \u001b[36m</span>\u001b[39m\n                  \u001b[36m<span>\u001b[39m\n                    \u001b[0m$80 to 99\u001b[0m\n                  \u001b[36m</span>\u001b[39m\n                \u001b[36m</label>\u001b[39m\n              \u001b[36m</div>\u001b[39m\n              \u001b[36m<div>\u001b[39m\n                \u001b[36m<label\u001b[39m\n                  \u001b[33mclass\u001b[39m=\u001b[32m\"ant-radio-wrapper css-dev-only-do-not-override-1drr2mu\"\u001b[39m\n                \u001b[36m>\u001b[39m\n                  \u001b[36m<span\u001b[39m\n                    \u001b[33mclass\u001b[39m=\u001b[32m\"ant-radio ant-wave-target\"\u001b[39m\n                  \u001b[36m>\u001b[39m\n                    \u001b[36m<input\u001b[39m\n                      \u001b[33mclass\u001b[39m=\u001b[32m\"ant-radio-input\"\u001b[39m\n                      \u001b[33mtype\u001b[39m=\u001b[32m\"radio\"\u001b[39m\n                      \u001b[33mvalue\u001b[39m=\u001b[32m\"100,9999\"\u001b[39m\n                    \u001b[36m/>\u001b[39m\n                    \u001b[36m<span\u001b[39m\n                      \u001b[33mclass\u001b[39m=\u001b[32m\"ant-radio-inner\"\u001b[39m\n                    \u001b[36m/>\u001b[39m\n                  \u001b[36m</span>\u001b[39m\n                  \u001b[36m<span>\u001b[39m\n                    \u001b[0m$100 or more\u001b[0m\n                  \u001b[36m</span>\u001b[39m\n                \u001b[36m</label>\u001b[39m\n              \u001b[36m</div>\u001b[39m\n            \u001b[36m</div>\u001b[39m\n          \u001b[36m</div>\u001b[39m\n          \u001b[36m<div\u001b[39m\n            \u001b[33mclass\u001b[39m=\u001b[32m\"d-flex flex-column\"\u001b[39m\n          \u001b[36m>\u001b[39m\n            \u001b[36m<button\u001b[39m\n              \u001b[33mclass\u001b[39m=\u001b[32m\"btn btn-danger\"\u001b[39m\n            \u001b[36m>\u001b[39m\n              \u001b[0mRESET FILTERS\u001b[0m\n            \u001b[36m</button>\u001b[39m\n          \u001b[36m</div>\u001b[39m\n        \u001b[36m</div>\u001b[39m\n        \u001b[36m<div\u001b[39m\n          \u001b[33mclass\u001b[39m=\u001b[32m\"col-md-9 \"\u001b[39m\n        \u001b[36m>\u001b[39m\n          \u001b[36m<h1\u001b[39m\n            \u001b[33mclass\u001b[39m=\u001b[32m\"text-center\"\u001b[39m\n          \u001b[36m>\u001b[39m\n            \u001b[0mAll Products\u001b[0m\n          \u001b[36m</h1>\u001b[39m\n          \u001b[36m<div\u001b[39m\n            \u001b[33mclass\u001b[39m=\u001b[32m\"d-flex flex-wrap\"\u001b[39m\n          \u001b[36m>\u001b[39m\n            \u001b[36m<h5\u001b[39m\n              \u001b[33mdata-testid\u001b[39m=\u001b[32m\"no-products-message\"\u001b[39m\n            \u001b[36m>\u001b[39m\n              \u001b[0mNo Products Found\u001b[0m\n            \u001b[36m</h5>\u001b[39m\n          \u001b[36m</div>\u001b[39m\n        \u001b[36m</div>\u001b[39m\n      \u001b[36m</div>\u001b[39m\n    \u001b[36m</div>\u001b[39m\n  \u001b[36m</div>\u001b[39m\n\u001b[36m</body>\u001b[39m\n    at waitForWrapper (C:\\Users\\jerom\\Desktop\\UNIVERSITY\\Y4S2\\CS4218\\cs4218-2420-ecom-project-team19\\client\\node_modules\\@testing-library\\react\\node_modules\\@testing-library\\dom\\dist\\wait-for.js:166:27)\n    at C:\\Users\\jerom\\Desktop\\UNIVERSITY\\Y4S2\\CS4218\\cs4218-2420-ecom-project-team19\\client\\node_modules\\@testing-library\\react\\node_modules\\@testing-library\\dom\\dist\\query-helpers.js:86:33\n    at Object.findByText (C:\\Users\\jerom\\Desktop\\UNIVERSITY\\Y4S2\\CS4218\\cs4218-2420-ecom-project-team19\\client\\src\\pages\\HomePage.test.js:403:29)\n    at runNextTicks (node:internal/process/task_queues:61:5)\n    at processTimers (node:internal/timers:499:9)"],"fullName":"Filtering by Price in HomePage Selecting multiple price ranges filters correctly","invocations":1,"location":null,"numPassingAsserts":2,"retryReasons":[],"status":"failed","title":"Selecting multiple price ranges filters correctly"},{"ancestorTitles":["Filtering by Price in HomePage"],"duration":1050,"failureDetails":[{"name":"TestingLibraryElementError"}],"failureMessages":["Error: Unable to find an element with the text: Smartphone. This could be because the text is broken up by multiple elements. In this case, you can provide a function for your text matcher to make your matcher more flexible.\n\nIgnored nodes: comments, script, style\n\u001b[36m<body>\u001b[39m\n  \u001b[36m<div>\u001b[39m\n    \u001b[36m<div>\u001b[39m\n      \u001b[36m<img\u001b[39m\n        \u001b[33malt\u001b[39m=\u001b[32m\"bannerimage\"\u001b[39m\n        \u001b[33mclass\u001b[39m=\u001b[32m\"banner-img\"\u001b[39m\n        \u001b[33msrc\u001b[39m=\u001b[32m\"/images/Virtual.png\"\u001b[39m\n        \u001b[33mwidth\u001b[39m=\u001b[32m\"100%\"\u001b[39m\n      \u001b[36m/>\u001b[39m\n      \u001b[36m<div\u001b[39m\n        \u001b[33mclass\u001b[39m=\u001b[32m\"container-fluid row mt-3 home-page\"\u001b[39m\n      \u001b[36m>\u001b[39m\n        \u001b[36m<div\u001b[39m\n          \u001b[33mclass\u001b[39m=\u001b[32m\"col-md-3 filters\"\u001b[39m\n        \u001b[36m>\u001b[39m\n          \u001b[36m<h4\u001b[39m\n            \u001b[33mclass\u001b[39m=\u001b[32m\"text-center\"\u001b[39m\n          \u001b[36m>\u001b[39m\n            \u001b[0mFilter By Category\u001b[0m\n          \u001b[36m</h4>\u001b[39m\n          \u001b[36m<div\u001b[39m\n            \u001b[33mclass\u001b[39m=\u001b[32m\"d-flex flex-column\"\u001b[39m\n          \u001b[36m/>\u001b[39m\n          \u001b[36m<h4\u001b[39m\n            \u001b[33mclass\u001b[39m=\u001b[32m\"text-center mt-4\"\u001b[39m\n          \u001b[36m>\u001b[39m\n            \u001b[0mFilter By Price\u001b[0m\n          \u001b[36m</h4>\u001b[39m\n          \u001b[36m<div\u001b[39m\n            \u001b[33mclass\u001b[39m=\u001b[32m\"d-flex flex-column\"\u001b[39m\n          \u001b[36m>\u001b[39m\n            \u001b[36m<div\u001b[39m\n              \u001b[33mclass\u001b[39m=\u001b[32m\"ant-radio-group ant-radio-group-outline css-dev-only-do-not-override-1drr2mu\"\u001b[39m\n            \u001b[36m>\u001b[39m\n              \u001b[36m<div>\u001b[39m\n                \u001b[36m<label\u001b[39m\n                  \u001b[33mclass\u001b[39m=\u001b[32m\"ant-radio-wrapper css-dev-only-do-not-override-1drr2mu\"\u001b[39m\n                \u001b[36m>\u001b[39m\n                  \u001b[36m<span\u001b[39m\n                    \u001b[33mclass\u001b[39m=\u001b[32m\"ant-radio ant-wave-target\"\u001b[39m\n                  \u001b[36m>\u001b[39m\n                    \u001b[36m<input\u001b[39m\n                      \u001b[33mclass\u001b[39m=\u001b[32m\"ant-radio-input\"\u001b[39m\n                      \u001b[33mtype\u001b[39m=\u001b[32m\"radio\"\u001b[39m\n                      \u001b[33mvalue\u001b[39m=\u001b[32m\"0,19\"\u001b[39m\n                    \u001b[36m/>\u001b[39m\n                    \u001b[36m<span\u001b[39m\n                      \u001b[33mclass\u001b[39m=\u001b[32m\"ant-radio-inner\"\u001b[39m\n                    \u001b[36m/>\u001b[39m\n                  \u001b[36m</span>\u001b[39m\n                  \u001b[36m<span>\u001b[39m\n                    \u001b[0m$0 to 19\u001b[0m\n                  \u001b[36m</span>\u001b[39m\n                \u001b[36m</label>\u001b[39m\n              \u001b[36m</div>\u001b[39m\n              \u001b[36m<div>\u001b[39m\n                \u001b[36m<label\u001b[39m\n                  \u001b[33mclass\u001b[39m=\u001b[32m\"ant-radio-wrapper css-dev-only-do-not-override-1drr2mu\"\u001b[39m\n                \u001b[36m>\u001b[39m\n                  \u001b[36m<span\u001b[39m\n                    \u001b[33mclass\u001b[39m=\u001b[32m\"ant-radio ant-wave-target\"\u001b[39m\n                  \u001b[36m>\u001b[39m\n                    \u001b[36m<input\u001b[39m\n                      \u001b[33mclass\u001b[39m=\u001b[32m\"ant-radio-input\"\u001b[39m\n                      \u001b[33mtype\u001b[39m=\u001b[32m\"radio\"\u001b[39m\n                      \u001b[33mvalue\u001b[39m=\u001b[32m\"20,39\"\u001b[39m\n                    \u001b[36m/>\u001b[39m\n                    \u001b[36m<span\u001b[39m\n                      \u001b[33mclass\u001b[39m=\u001b[32m\"ant-radio-inner\"\u001b[39m\n                    \u001b[36m/>\u001b[39m\n                  \u001b[36m</span>\u001b[39m\n                  \u001b[36m<span>\u001b[39m\n                    \u001b[0m$20 to 39\u001b[0m\n                  \u001b[36m</span>\u001b[39m\n                \u001b[36m</label>\u001b[39m\n              \u001b[36m</div>\u001b[39m\n              \u001b[36m<div>\u001b[39m\n                \u001b[36m<label\u001b[39m\n                  \u001b[33mclass\u001b[39m=\u001b[32m\"ant-radio-wrapper css-dev-only-do-not-override-1drr2mu\"\u001b[39m\n                \u001b[36m>\u001b[39m\n                  \u001b[36m<span\u001b[39m\n                    \u001b[33mclass\u001b[39m=\u001b[32m\"ant-radio ant-wave-target\"\u001b[39m\n                  \u001b[36m>\u001b[39m\n                    \u001b[36m<input\u001b[39m\n                      \u001b[33mclass\u001b[39m=\u001b[32m\"ant-radio-input\"\u001b[39m\n                      \u001b[33mtype\u001b[39m=\u001b[32m\"radio\"\u001b[39m\n                      \u001b[33mvalue\u001b[39m=\u001b[32m\"40,59\"\u001b[39m\n                    \u001b[36m/>\u001b[39m\n                    \u001b[36m<span\u001b[39m\n                      \u001b[33mclass\u001b[39m=\u001b[32m\"ant-radio-inner\"\u001b[39m\n                    \u001b[36m/>\u001b[39m\n                  \u001b[36m</span>\u001b[39m\n                  \u001b[36m<span>\u001b[39m\n                    \u001b[0m$40 to 59\u001b[0m\n                  \u001b[36m</span>\u001b[39m\n                \u001b[36m</label>\u001b[39m\n              \u001b[36m</div>\u001b[39m\n              \u001b[36m<div>\u001b[39m\n                \u001b[36m<label\u001b[39m\n                  \u001b[33mclass\u001b[39m=\u001b[32m\"ant-radio-wrapper css-dev-only-do-not-override-1drr2mu\"\u001b[39m\n                \u001b[36m>\u001b[39m\n                  \u001b[36m<span\u001b[39m\n                    \u001b[33mclass\u001b[39m=\u001b[32m\"ant-radio ant-wave-target\"\u001b[39m\n                  \u001b[36m>\u001b[39m\n                    \u001b[36m<input\u001b[39m\n                      \u001b[33mclass\u001b[39m=\u001b[32m\"ant-radio-input\"\u001b[39m\n                      \u001b[33mtype\u001b[39m=\u001b[32m\"radio\"\u001b[39m\n                      \u001b[33mvalue\u001b[39m=\u001b[32m\"60,79\"\u001b[39m\n                    \u001b[36m/>\u001b[39m\n                    \u001b[36m<span\u001b[39m\n                      \u001b[33mclass\u001b[39m=\u001b[32m\"ant-radio-inner\"\u001b[39m\n                    \u001b[36m/>\u001b[39m\n                  \u001b[36m</span>\u001b[39m\n                  \u001b[36m<span>\u001b[39m\n                    \u001b[0m$60 to 79\u001b[0m\n                  \u001b[36m</span>\u001b[39m\n                \u001b[36m</label>\u001b[39m\n              \u001b[36m</div>\u001b[39m\n              \u001b[36m<div>\u001b[39m\n                \u001b[36m<label\u001b[39m\n                  \u001b[33mclass\u001b[39m=\u001b[32m\"ant-radio-wrapper css-dev-only-do-not-override-1drr2mu\"\u001b[39m\n                \u001b[36m>\u001b[39m\n                  \u001b[36m<span\u001b[39m\n                    \u001b[33mclass\u001b[39m=\u001b[32m\"ant-radio ant-wave-target\"\u001b[39m\n                  \u001b[36m>\u001b[39m\n                    \u001b[36m<input\u001b[39m\n                      \u001b[33mclass\u001b[39m=\u001b[32m\"ant-radio-input\"\u001b[39m\n                      \u001b[33mtype\u001b[39m=\u001b[32m\"radio\"\u001b[39m\n                      \u001b[33mvalue\u001b[39m=\u001b[32m\"80,99\"\u001b[39m\n                    \u001b[36m/>\u001b[39m\n                    \u001b[36m<span\u001b[39m\n                      \u001b[33mclass\u001b[39m=\u001b[32m\"ant-radio-inner\"\u001b[39m\n                    \u001b[36m/>\u001b[39m\n                  \u001b[36m</span>\u001b[39m\n                  \u001b[36m<span>\u001b[39m\n                    \u001b[0m$80 to 99\u001b[0m\n                  \u001b[36m</span>\u001b[39m\n                \u001b[36m</label>\u001b[39m\n              \u001b[36m</div>\u001b[39m\n              \u001b[36m<div>\u001b[39m\n                \u001b[36m<label\u001b[39m\n                  \u001b[33mclass\u001b[39m=\u001b[32m\"ant-radio-wrapper css-dev-only-do-not-override-1drr2mu\"\u001b[39m\n                \u001b[36m>\u001b[39m\n                  \u001b[36m<span\u001b[39m\n                    \u001b[33mclass\u001b[39m=\u001b[32m\"ant-radio ant-wave-target\"\u001b[39m\n                  \u001b[36m>\u001b[39m\n                    \u001b[36m<input\u001b[39m\n                      \u001b[33mclass\u001b[39m=\u001b[32m\"ant-radio-input\"\u001b[39m\n                      \u001b[33mtype\u001b[39m=\u001b[32m\"radio\"\u001b[39m\n                      \u001b[33mvalue\u001b[39m=\u001b[32m\"100,9999\"\u001b[39m\n                    \u001b[36m/>\u001b[39m\n                    \u001b[36m<span\u001b[39m\n                      \u001b[33mclass\u001b[39m=\u001b[32m\"ant-radio-inner\"\u001b[39m\n                    \u001b[36m/>\u001b[39m\n                  \u001b[36m</span>\u001b[39m\n                  \u001b[36m<span>\u001b[39m\n                    \u001b[0m$100 or more\u001b[0m\n                  \u001b[36m</span>\u001b[39m\n                \u001b[36m</label>\u001b[39m\n              \u001b[36m</div>\u001b[39m\n            \u001b[36m</div>\u001b[39m\n          \u001b[36m</div>\u001b[39m\n          \u001b[36m<div\u001b[39m\n            \u001b[33mclass\u001b[39m=\u001b[32m\"d-flex flex-column\"\u001b[39m\n          \u001b[36m>\u001b[39m\n            \u001b[36m<button\u001b[39m\n              \u001b[33mclass\u001b[39m=\u001b[32m\"btn btn-danger\"\u001b[39m\n            \u001b[36m>\u001b[39m\n              \u001b[0mRESET FILTERS\u001b[0m\n            \u001b[36m</button>\u001b[39m\n          \u001b[36m</div>\u001b[39m\n        \u001b[36m</div>\u001b[39m\n        \u001b[36m<div\u001b[39m\n          \u001b[33mclass\u001b[39m=\u001b[32m\"col-md-9 \"\u001b[39m\n        \u001b[36m>\u001b[39m\n          \u001b[36m<h1\u001b[39m\n            \u001b[33mclass\u001b[39m=\u001b[32m\"text-center\"\u001b[39m\n          \u001b[36m>\u001b[39m\n            \u001b[0mAll Products\u001b[0m\n          \u001b[36m</h1>\u001b[39m\n          \u001b[36m<div\u001b[39m\n            \u001b[33mclass\u001b[39m=\u001b[32m\"d-flex flex-wrap\"\u001b[39m\n          \u001b[36m>\u001b[39m\n            \u001b[36m<div\u001b[39m\n              \u001b[33mclass\u001b[39m=\u001b[32m\"card m-2\"\u001b[39m\n            \u001b[36m>\u001b[39m\n              \u001b[36m<img\u001b[39m\n                \u001b[33malt\u001b[39m=\u001b[32m\"Laptop\"\u001b[39m\n                \u001b[33mclass\u001b[39m=\u001b[32m\"card-img-top\"\u001b[39m\n                \u001b[33msrc\u001b[39m=\u001b[32m\"/api/v1/product/product-photo/1\"\u001b[39m\n              \u001b[36m/>\u001b[39m\n              \u001b[36m<div\u001b[39m\n                \u001b[33mclass\u001b[39m=\u001b[32m\"card-body\"\u001b[39m\n              \u001b[36m>\u001b[39m\n                \u001b[36m<h5\u001b[39m\n                  \u001b[33mclass\u001b[39m=\u001b[32m\"card-title\"\u001b[39m\n                \u001b[36m>\u001b[39m\n                  \u001b[0mLaptop\u001b[0m\n                \u001b[36m</h5>\u001b[39m\n                \u001b[36m<p>\u001b[39m\n                  \u001b[0mHigh-end laptop\u001b[0m\n                  \u001b[0m...\u001b[0m\n                \u001b[36m</p>\u001b[39m\n                \u001b[36m<button\u001b[39m\n                  \u001b[33mclass\u001b[39m=\u001b[32m\"btn btn-info\"\u001b[39m\n                \u001b[36m>\u001b[39m\n                  \u001b[0mView Product\u001b[0m\n                \u001b[36m</button>\u001b[39m\n                \u001b[36m<button\u001b[39m\n                  \u001b[33mclass\u001b[39m=\u001b[32m\"btn btn-dark ms-1\"\u001b[39m\n                \u001b[36m>\u001b[39m\n                  \u001b[0mADD TO CART\u001b[0m\n                \u001b[36m</button>\u001b[39m\n              \u001b[36m</div>\u001b[39m\n            \u001b[36m</div>\u001b[39m\n            \u001b[36m<div\u001b[39m\n              \u001b[33mclass\u001b[39m=\u001b[32m\"card m-2\"\u001b[39m\n            \u001b[36m>\u001b[39m\n              \u001b[36m<img\u001b[39m\n                \u001b[33malt\u001b[39m=\u001b[32m\"Phone\"\u001b[39m\n                \u001b[33mclass\u001b[39m=\u001b[32m\"card-img-top\"\u001b[39m\n                \u001b[33msrc\u001b[39m=\u001b[32m\"/api/v1/product/product-photo/2\"\u001b[39m\n              \u001b[36m/>\u001b[39m\n              \u001b[36m<div\u001b[39m\n                \u001b[33mclass\u001b[39m=\u001b[32m\"card-body\"\u001b[39m\n              \u001b[36m>\u001b[39m\n                \u001b[36m<h5\u001b[39m\n                  \u001b[33mclass\u001b[39m=\u001b[32m\"card-title\"\u001b[39m\n                \u001b[36m>\u001b[39m\n                  \u001b[0mPhone\u001b[0m\n                \u001b[36m</h5>\u001b[39m\n                \u001b[36m<p>\u001b[39m\n                  \u001b[0mLatest smartphone\u001b[0m\n                  \u001b[0m...\u001b[0m\n                \u001b[36m</p>\u001b[39m\n                \u001b[36m<button\u001b[39m\n                  \u001b[33mclass\u001b[39m=\u001b[32m\"btn btn-info\"\u001b[39m\n                \u001b[36m>\u001b[39m\n                  \u001b[0mView Product\u001b[0m\n                \u001b[36m</button>\u001b[39m\n                \u001b[36m<button\u001b[39m\n                  \u001b[33mclass\u001b[39m=\u001b[32m\"btn btn-dark ms-1\"\u001b[39m\n                \u001b[36m>\u001b[39m\n                  \u001b[0mADD TO CART\u001b[0m\n                \u001b[36m</button>\u001b[39m\n              \u001b[36m</div>\u001b[39m\n            \u001b[36m</div>\u001b[39m\n          \u001b[36m</div>\u001b[39m\n        \u001b[36m</div>\u001b[39m\n      \u001b[36m</div>\u001b[39m\n    \u001b[36m</div>\u001b[39m\n  \u001b[36m</div>\u001b[39m\n\u001b[36m</body>\u001b[39m\n    at waitForWrapper (C:\\Users\\jerom\\Desktop\\UNIVERSITY\\Y4S2\\CS4218\\cs4218-2420-ecom-project-team19\\client\\node_modules\\@testing-library\\react\\node_modules\\@testing-library\\dom\\dist\\wait-for.js:166:27)\n    at C:\\Users\\jerom\\Desktop\\UNIVERSITY\\Y4S2\\CS4218\\cs4218-2420-ecom-project-team19\\client\\node_modules\\@testing-library\\react\\node_modules\\@testing-library\\dom\\dist\\query-helpers.js:86:33\n    at Object.findByText (C:\\Users\\jerom\\Desktop\\UNIVERSITY\\Y4S2\\CS4218\\cs4218-2420-ecom-project-team19\\client\\src\\pages\\HomePage.test.js:426:29)"],"fullName":"Filtering by Price in HomePage No price filter applied fetches all products","invocations":1,"location":null,"numPassingAsserts":2,"retryReasons":[],"status":"failed","title":"No price filter applied fetches all products"},{"ancestorTitles":["Adding to Cart in HomePage"],"duration":1034,"failureDetails":[{"name":"TestingLibraryElementError"}],"failureMessages":["Error: Unable to find an element with the text: Add to Cart. This could be because the text is broken up by multiple elements. In this case, you can provide a function for your text matcher to make your matcher more flexible.\n\nIgnored nodes: comments, script, style\n\u001b[36m<body>\u001b[39m\n  \u001b[36m<div>\u001b[39m\n    \u001b[36m<div>\u001b[39m\n      \u001b[36m<img\u001b[39m\n        \u001b[33malt\u001b[39m=\u001b[32m\"bannerimage\"\u001b[39m\n        \u001b[33mclass\u001b[39m=\u001b[32m\"banner-img\"\u001b[39m\n        \u001b[33msrc\u001b[39m=\u001b[32m\"/images/Virtual.png\"\u001b[39m\n        \u001b[33mwidth\u001b[39m=\u001b[32m\"100%\"\u001b[39m\n      \u001b[36m/>\u001b[39m\n      \u001b[36m<div\u001b[39m\n        \u001b[33mclass\u001b[39m=\u001b[32m\"container-fluid row mt-3 home-page\"\u001b[39m\n      \u001b[36m>\u001b[39m\n        \u001b[36m<div\u001b[39m\n          \u001b[33mclass\u001b[39m=\u001b[32m\"col-md-3 filters\"\u001b[39m\n        \u001b[36m>\u001b[39m\n          \u001b[36m<h4\u001b[39m\n            \u001b[33mclass\u001b[39m=\u001b[32m\"text-center\"\u001b[39m\n          \u001b[36m>\u001b[39m\n            \u001b[0mFilter By Category\u001b[0m\n          \u001b[36m</h4>\u001b[39m\n          \u001b[36m<div\u001b[39m\n            \u001b[33mclass\u001b[39m=\u001b[32m\"d-flex flex-column\"\u001b[39m\n          \u001b[36m/>\u001b[39m\n          \u001b[36m<h4\u001b[39m\n            \u001b[33mclass\u001b[39m=\u001b[32m\"text-center mt-4\"\u001b[39m\n          \u001b[36m>\u001b[39m\n            \u001b[0mFilter By Price\u001b[0m\n          \u001b[36m</h4>\u001b[39m\n          \u001b[36m<div\u001b[39m\n            \u001b[33mclass\u001b[39m=\u001b[32m\"d-flex flex-column\"\u001b[39m\n          \u001b[36m>\u001b[39m\n            \u001b[36m<div\u001b[39m\n              \u001b[33mclass\u001b[39m=\u001b[32m\"ant-radio-group ant-radio-group-outline css-dev-only-do-not-override-1drr2mu\"\u001b[39m\n            \u001b[36m>\u001b[39m\n              \u001b[36m<div>\u001b[39m\n                \u001b[36m<label\u001b[39m\n                  \u001b[33mclass\u001b[39m=\u001b[32m\"ant-radio-wrapper css-dev-only-do-not-override-1drr2mu\"\u001b[39m\n                \u001b[36m>\u001b[39m\n                  \u001b[36m<span\u001b[39m\n                    \u001b[33mclass\u001b[39m=\u001b[32m\"ant-radio ant-wave-target\"\u001b[39m\n                  \u001b[36m>\u001b[39m\n                    \u001b[36m<input\u001b[39m\n                      \u001b[33mclass\u001b[39m=\u001b[32m\"ant-radio-input\"\u001b[39m\n                      \u001b[33mtype\u001b[39m=\u001b[32m\"radio\"\u001b[39m\n                      \u001b[33mvalue\u001b[39m=\u001b[32m\"0,19\"\u001b[39m\n                    \u001b[36m/>\u001b[39m\n                    \u001b[36m<span\u001b[39m\n                      \u001b[33mclass\u001b[39m=\u001b[32m\"ant-radio-inner\"\u001b[39m\n                    \u001b[36m/>\u001b[39m\n                  \u001b[36m</span>\u001b[39m\n                  \u001b[36m<span>\u001b[39m\n                    \u001b[0m$0 to 19\u001b[0m\n                  \u001b[36m</span>\u001b[39m\n                \u001b[36m</label>\u001b[39m\n              \u001b[36m</div>\u001b[39m\n              \u001b[36m<div>\u001b[39m\n                \u001b[36m<label\u001b[39m\n                  \u001b[33mclass\u001b[39m=\u001b[32m\"ant-radio-wrapper css-dev-only-do-not-override-1drr2mu\"\u001b[39m\n                \u001b[36m>\u001b[39m\n                  \u001b[36m<span\u001b[39m\n                    \u001b[33mclass\u001b[39m=\u001b[32m\"ant-radio ant-wave-target\"\u001b[39m\n                  \u001b[36m>\u001b[39m\n                    \u001b[36m<input\u001b[39m\n                      \u001b[33mclass\u001b[39m=\u001b[32m\"ant-radio-input\"\u001b[39m\n                      \u001b[33mtype\u001b[39m=\u001b[32m\"radio\"\u001b[39m\n                      \u001b[33mvalue\u001b[39m=\u001b[32m\"20,39\"\u001b[39m\n                    \u001b[36m/>\u001b[39m\n                    \u001b[36m<span\u001b[39m\n                      \u001b[33mclass\u001b[39m=\u001b[32m\"ant-radio-inner\"\u001b[39m\n                    \u001b[36m/>\u001b[39m\n                  \u001b[36m</span>\u001b[39m\n                  \u001b[36m<span>\u001b[39m\n                    \u001b[0m$20 to 39\u001b[0m\n                  \u001b[36m</span>\u001b[39m\n                \u001b[36m</label>\u001b[39m\n              \u001b[36m</div>\u001b[39m\n              \u001b[36m<div>\u001b[39m\n                \u001b[36m<label\u001b[39m\n                  \u001b[33mclass\u001b[39m=\u001b[32m\"ant-radio-wrapper css-dev-only-do-not-override-1drr2mu\"\u001b[39m\n                \u001b[36m>\u001b[39m\n                  \u001b[36m<span\u001b[39m\n                    \u001b[33mclass\u001b[39m=\u001b[32m\"ant-radio ant-wave-target\"\u001b[39m\n                  \u001b[36m>\u001b[39m\n                    \u001b[36m<input\u001b[39m\n                      \u001b[33mclass\u001b[39m=\u001b[32m\"ant-radio-input\"\u001b[39m\n                      \u001b[33mtype\u001b[39m=\u001b[32m\"radio\"\u001b[39m\n                      \u001b[33mvalue\u001b[39m=\u001b[32m\"40,59\"\u001b[39m\n                    \u001b[36m/>\u001b[39m\n                    \u001b[36m<span\u001b[39m\n                      \u001b[33mclass\u001b[39m=\u001b[32m\"ant-radio-inner\"\u001b[39m\n                    \u001b[36m/>\u001b[39m\n                  \u001b[36m</span>\u001b[39m\n                  \u001b[36m<span>\u001b[39m\n                    \u001b[0m$40 to 59\u001b[0m\n                  \u001b[36m</span>\u001b[39m\n                \u001b[36m</label>\u001b[39m\n              \u001b[36m</div>\u001b[39m\n              \u001b[36m<div>\u001b[39m\n                \u001b[36m<label\u001b[39m\n                  \u001b[33mclass\u001b[39m=\u001b[32m\"ant-radio-wrapper css-dev-only-do-not-override-1drr2mu\"\u001b[39m\n                \u001b[36m>\u001b[39m\n                  \u001b[36m<span\u001b[39m\n                    \u001b[33mclass\u001b[39m=\u001b[32m\"ant-radio ant-wave-target\"\u001b[39m\n                  \u001b[36m>\u001b[39m\n                    \u001b[36m<input\u001b[39m\n                      \u001b[33mclass\u001b[39m=\u001b[32m\"ant-radio-input\"\u001b[39m\n                      \u001b[33mtype\u001b[39m=\u001b[32m\"radio\"\u001b[39m\n                      \u001b[33mvalue\u001b[39m=\u001b[32m\"60,79\"\u001b[39m\n                    \u001b[36m/>\u001b[39m\n                    \u001b[36m<span\u001b[39m\n                      \u001b[33mclass\u001b[39m=\u001b[32m\"ant-radio-inner\"\u001b[39m\n                    \u001b[36m/>\u001b[39m\n                  \u001b[36m</span>\u001b[39m\n                  \u001b[36m<span>\u001b[39m\n                    \u001b[0m$60 to 79\u001b[0m\n                  \u001b[36m</span>\u001b[39m\n                \u001b[36m</label>\u001b[39m\n              \u001b[36m</div>\u001b[39m\n              \u001b[36m<div>\u001b[39m\n                \u001b[36m<label\u001b[39m\n                  \u001b[33mclass\u001b[39m=\u001b[32m\"ant-radio-wrapper css-dev-only-do-not-override-1drr2mu\"\u001b[39m\n                \u001b[36m>\u001b[39m\n                  \u001b[36m<span\u001b[39m\n                    \u001b[33mclass\u001b[39m=\u001b[32m\"ant-radio ant-wave-target\"\u001b[39m\n                  \u001b[36m>\u001b[39m\n                    \u001b[36m<input\u001b[39m\n                      \u001b[33mclass\u001b[39m=\u001b[32m\"ant-radio-input\"\u001b[39m\n                      \u001b[33mtype\u001b[39m=\u001b[32m\"radio\"\u001b[39m\n                      \u001b[33mvalue\u001b[39m=\u001b[32m\"80,99\"\u001b[39m\n                    \u001b[36m/>\u001b[39m\n                    \u001b[36m<span\u001b[39m\n                      \u001b[33mclass\u001b[39m=\u001b[32m\"ant-radio-inner\"\u001b[39m\n                    \u001b[36m/>\u001b[39m\n                  \u001b[36m</span>\u001b[39m\n                  \u001b[36m<span>\u001b[39m\n                    \u001b[0m$80 to 99\u001b[0m\n                  \u001b[36m</span>\u001b[39m\n                \u001b[36m</label>\u001b[39m\n              \u001b[36m</div>\u001b[39m\n              \u001b[36m<div>\u001b[39m\n                \u001b[36m<label\u001b[39m\n                  \u001b[33mclass\u001b[39m=\u001b[32m\"ant-radio-wrapper css-dev-only-do-not-override-1drr2mu\"\u001b[39m\n                \u001b[36m>\u001b[39m\n                  \u001b[36m<span\u001b[39m\n                    \u001b[33mclass\u001b[39m=\u001b[32m\"ant-radio ant-wave-target\"\u001b[39m\n                  \u001b[36m>\u001b[39m\n                    \u001b[36m<input\u001b[39m\n                      \u001b[33mclass\u001b[39m=\u001b[32m\"ant-radio-input\"\u001b[39m\n                      \u001b[33mtype\u001b[39m=\u001b[32m\"radio\"\u001b[39m\n                      \u001b[33mvalue\u001b[39m=\u001b[32m\"100,9999\"\u001b[39m\n                    \u001b[36m/>\u001b[39m\n                    \u001b[36m<span\u001b[39m\n                      \u001b[33mclass\u001b[39m=\u001b[32m\"ant-radio-inner\"\u001b[39m\n                    \u001b[36m/>\u001b[39m\n                  \u001b[36m</span>\u001b[39m\n                  \u001b[36m<span>\u001b[39m\n                    \u001b[0m$100 or more\u001b[0m\n                  \u001b[36m</span>\u001b[39m\n                \u001b[36m</label>\u001b[39m\n              \u001b[36m</div>\u001b[39m\n            \u001b[36m</div>\u001b[39m\n          \u001b[36m</div>\u001b[39m\n          \u001b[36m<div\u001b[39m\n            \u001b[33mclass\u001b[39m=\u001b[32m\"d-flex flex-column\"\u001b[39m\n          \u001b[36m>\u001b[39m\n            \u001b[36m<button\u001b[39m\n              \u001b[33mclass\u001b[39m=\u001b[32m\"btn btn-danger\"\u001b[39m\n            \u001b[36m>\u001b[39m\n              \u001b[0mRESET FILTERS\u001b[0m\n            \u001b[36m</button>\u001b[39m\n          \u001b[36m</div>\u001b[39m\n        \u001b[36m</div>\u001b[39m\n        \u001b[36m<div\u001b[39m\n          \u001b[33mclass\u001b[39m=\u001b[32m\"col-md-9 \"\u001b[39m\n        \u001b[36m>\u001b[39m\n          \u001b[36m<h1\u001b[39m\n            \u001b[33mclass\u001b[39m=\u001b[32m\"text-center\"\u001b[39m\n          \u001b[36m>\u001b[39m\n            \u001b[0mAll Products\u001b[0m\n          \u001b[36m</h1>\u001b[39m\n          \u001b[36m<div\u001b[39m\n            \u001b[33mclass\u001b[39m=\u001b[32m\"d-flex flex-wrap\"\u001b[39m\n          \u001b[36m>\u001b[39m\n            \u001b[36m<div\u001b[39m\n              \u001b[33mclass\u001b[39m=\u001b[32m\"card m-2\"\u001b[39m\n            \u001b[36m>\u001b[39m\n              \u001b[36m<img\u001b[39m\n                \u001b[33malt\u001b[39m=\u001b[32m\"Laptop\"\u001b[39m\n                \u001b[33mclass\u001b[39m=\u001b[32m\"card-img-top\"\u001b[39m\n                \u001b[33msrc\u001b[39m=\u001b[32m\"/api/v1/product/product-photo/1\"\u001b[39m\n              \u001b[36m/>\u001b[39m\n              \u001b[36m<div\u001b[39m\n                \u001b[33mclass\u001b[39m=\u001b[32m\"card-body\"\u001b[39m\n              \u001b[36m>\u001b[39m\n                \u001b[36m<h5\u001b[39m\n                  \u001b[33mclass\u001b[39m=\u001b[32m\"card-title\"\u001b[39m\n                \u001b[36m>\u001b[39m\n                  \u001b[0mLaptop\u001b[0m\n                \u001b[36m</h5>\u001b[39m\n                \u001b[36m<p>\u001b[39m\n                  \u001b[0mHigh-end laptop\u001b[0m\n                  \u001b[0m...\u001b[0m\n                \u001b[36m</p>\u001b[39m\n                \u001b[36m<button\u001b[39m\n                  \u001b[33mclass\u001b[39m=\u001b[32m\"btn btn-info\"\u001b[39m\n                \u001b[36m>\u001b[39m\n                  \u001b[0mView Product\u001b[0m\n                \u001b[36m</button>\u001b[39m\n                \u001b[36m<button\u001b[39m\n                  \u001b[33mclass\u001b[39m=\u001b[32m\"btn btn-dark ms-1\"\u001b[39m\n                \u001b[36m>\u001b[39m\n                  \u001b[0mADD TO CART\u001b[0m\n                \u001b[36m</button>\u001b[39m\n              \u001b[36m</div>\u001b[39m\n            \u001b[36m</div>\u001b[39m\n            \u001b[36m<div\u001b[39m\n              \u001b[33mclass\u001b[39m=\u001b[32m\"card m-2\"\u001b[39m\n            \u001b[36m>\u001b[39m\n              \u001b[36m<img\u001b[39m\n                \u001b[33malt\u001b[39m=\u001b[32m\"Phone\"\u001b[39m\n                \u001b[33mclass\u001b[39m=\u001b[32m\"card-img-top\"\u001b[39m\n                \u001b[33msrc\u001b[39m=\u001b[32m\"/api/v1/product/product-photo/2\"\u001b[39m\n              \u001b[36m/>\u001b[39m\n              \u001b[36m<div\u001b[39m\n                \u001b[33mclass\u001b[39m=\u001b[32m\"card-body\"\u001b[39m\n              \u001b[36m>\u001b[39m\n                \u001b[36m<h5\u001b[39m\n                  \u001b[33mclass\u001b[39m=\u001b[32m\"card-title\"\u001b[39m\n                \u001b[36m>\u001b[39m\n                  \u001b[0mPhone\u001b[0m\n                \u001b[36m</h5>\u001b[39m\n                \u001b[36m<p>\u001b[39m\n                  \u001b[0mLatest smartphone\u001b[0m\n                  \u001b[0m...\u001b[0m\n                \u001b[36m</p>\u001b[39m\n                \u001b[36m<button\u001b[39m\n                  \u001b[33mclass\u001b[39m=\u001b[32m\"btn btn-info\"\u001b[39m\n                \u001b[36m>\u001b[39m\n                  \u001b[0mView Product\u001b[0m\n                \u001b[36m</button>\u001b[39m\n                \u001b[36m<button\u001b[39m\n                  \u001b[33mclass\u001b[39m=\u001b[32m\"btn btn-dark ms-1\"\u001b[39m\n                \u001b[36m>\u001b[39m\n                  \u001b[0mADD TO CART\u001b[0m\n                \u001b[36m</button>\u001b[39m\n              \u001b[36m</div>\u001b[39m\n            \u001b[36m</div>\u001b[39m\n          \u001b[36m</div>\u001b[39m\n        \u001b[36m</div>\u001b[39m\n      \u001b[36m</div>\u001b[39m\n    \u001b[36m</div>\u001b[39m\n  \u001b[36m</div>\u001b[39m\n\u001b[36m</body>\u001b[39m\n    at waitForWrapper (C:\\Users\\jerom\\Desktop\\UNIVERSITY\\Y4S2\\CS4218\\cs4218-2420-ecom-project-team19\\client\\node_modules\\@testing-library\\react\\node_modules\\@testing-library\\dom\\dist\\wait-for.js:166:27)\n    at C:\\Users\\jerom\\Desktop\\UNIVERSITY\\Y4S2\\CS4218\\cs4218-2420-ecom-project-team19\\client\\node_modules\\@testing-library\\react\\node_modules\\@testing-library\\dom\\dist\\query-helpers.js:86:33\n    at Object.findByText (C:\\Users\\jerom\\Desktop\\UNIVERSITY\\Y4S2\\CS4218\\cs4218-2420-ecom-project-team19\\client\\src\\pages\\HomePage.test.js:451:38)\n    at Promise.then.completed (C:\\Users\\jerom\\Desktop\\UNIVERSITY\\Y4S2\\CS4218\\cs4218-2420-ecom-project-team19\\node_modules\\jest-circus\\build\\utils.js:298:28)\n    at new Promise (<anonymous>)\n    at callAsyncCircusFn (C:\\Users\\jerom\\Desktop\\UNIVERSITY\\Y4S2\\CS4218\\cs4218-2420-ecom-project-team19\\node_modules\\jest-circus\\build\\utils.js:231:10)\n    at _callCircusTest (C:\\Users\\jerom\\Desktop\\UNIVERSITY\\Y4S2\\CS4218\\cs4218-2420-ecom-project-team19\\node_modules\\jest-circus\\build\\run.js:316:40)\n    at _runTest (C:\\Users\\jerom\\Desktop\\UNIVERSITY\\Y4S2\\CS4218\\cs4218-2420-ecom-project-team19\\node_modules\\jest-circus\\build\\run.js:252:3)\n    at _runTestsForDescribeBlock (C:\\Users\\jerom\\Desktop\\UNIVERSITY\\Y4S2\\CS4218\\cs4218-2420-ecom-project-team19\\node_modules\\jest-circus\\build\\run.js:126:9)\n    at _runTestsForDescribeBlock (C:\\Users\\jerom\\Desktop\\UNIVERSITY\\Y4S2\\CS4218\\cs4218-2420-ecom-project-team19\\node_modules\\jest-circus\\build\\run.js:121:9)\n    at run (C:\\Users\\jerom\\Desktop\\UNIVERSITY\\Y4S2\\CS4218\\cs4218-2420-ecom-project-team19\\node_modules\\jest-circus\\build\\run.js:71:3)\n    at runAndTransformResultsToJestFormat (C:\\Users\\jerom\\Desktop\\UNIVERSITY\\Y4S2\\CS4218\\cs4218-2420-ecom-project-team19\\node_modules\\jest-circus\\build\\legacy-code-todo-rewrite\\jestAdapterInit.js:122:21)\n    at jestAdapter (C:\\Users\\jerom\\Desktop\\UNIVERSITY\\Y4S2\\CS4218\\cs4218-2420-ecom-project-team19\\node_modules\\jest-circus\\build\\legacy-code-todo-rewrite\\jestAdapter.js:79:19)\n    at runTestInternal (C:\\Users\\jerom\\Desktop\\UNIVERSITY\\Y4S2\\CS4218\\cs4218-2420-ecom-project-team19\\node_modules\\jest-runner\\build\\runTest.js:367:16)\n    at runTest (C:\\Users\\jerom\\Desktop\\UNIVERSITY\\Y4S2\\CS4218\\cs4218-2420-ecom-project-team19\\node_modules\\jest-runner\\build\\runTest.js:444:34)"],"fullName":"Adding to Cart in HomePage Clicking 'Add to Cart' adds product to cart state","invocations":1,"location":null,"numPassingAsserts":0,"retryReasons":[],"status":"failed","title":"Clicking 'Add to Cart' adds product to cart state"},{"ancestorTitles":["Adding to Cart in HomePage"],"duration":1040,"failureDetails":[{"name":"TestingLibraryElementError"}],"failureMessages":["Error: Unable to find an element with the text: Add to Cart. This could be because the text is broken up by multiple elements. In this case, you can provide a function for your text matcher to make your matcher more flexible.\n\nIgnored nodes: comments, script, style\n\u001b[36m<body>\u001b[39m\n  \u001b[36m<div>\u001b[39m\n    \u001b[36m<div>\u001b[39m\n      \u001b[36m<img\u001b[39m\n        \u001b[33malt\u001b[39m=\u001b[32m\"bannerimage\"\u001b[39m\n        \u001b[33mclass\u001b[39m=\u001b[32m\"banner-img\"\u001b[39m\n        \u001b[33msrc\u001b[39m=\u001b[32m\"/images/Virtual.png\"\u001b[39m\n        \u001b[33mwidth\u001b[39m=\u001b[32m\"100%\"\u001b[39m\n      \u001b[36m/>\u001b[39m\n      \u001b[36m<div\u001b[39m\n        \u001b[33mclass\u001b[39m=\u001b[32m\"container-fluid row mt-3 home-page\"\u001b[39m\n      \u001b[36m>\u001b[39m\n        \u001b[36m<div\u001b[39m\n          \u001b[33mclass\u001b[39m=\u001b[32m\"col-md-3 filters\"\u001b[39m\n        \u001b[36m>\u001b[39m\n          \u001b[36m<h4\u001b[39m\n            \u001b[33mclass\u001b[39m=\u001b[32m\"text-center\"\u001b[39m\n          \u001b[36m>\u001b[39m\n            \u001b[0mFilter By Category\u001b[0m\n          \u001b[36m</h4>\u001b[39m\n          \u001b[36m<div\u001b[39m\n            \u001b[33mclass\u001b[39m=\u001b[32m\"d-flex flex-column\"\u001b[39m\n          \u001b[36m/>\u001b[39m\n          \u001b[36m<h4\u001b[39m\n            \u001b[33mclass\u001b[39m=\u001b[32m\"text-center mt-4\"\u001b[39m\n          \u001b[36m>\u001b[39m\n            \u001b[0mFilter By Price\u001b[0m\n          \u001b[36m</h4>\u001b[39m\n          \u001b[36m<div\u001b[39m\n            \u001b[33mclass\u001b[39m=\u001b[32m\"d-flex flex-column\"\u001b[39m\n          \u001b[36m>\u001b[39m\n            \u001b[36m<div\u001b[39m\n              \u001b[33mclass\u001b[39m=\u001b[32m\"ant-radio-group ant-radio-group-outline css-dev-only-do-not-override-1drr2mu\"\u001b[39m\n            \u001b[36m>\u001b[39m\n              \u001b[36m<div>\u001b[39m\n                \u001b[36m<label\u001b[39m\n                  \u001b[33mclass\u001b[39m=\u001b[32m\"ant-radio-wrapper css-dev-only-do-not-override-1drr2mu\"\u001b[39m\n                \u001b[36m>\u001b[39m\n                  \u001b[36m<span\u001b[39m\n                    \u001b[33mclass\u001b[39m=\u001b[32m\"ant-radio ant-wave-target\"\u001b[39m\n                  \u001b[36m>\u001b[39m\n                    \u001b[36m<input\u001b[39m\n                      \u001b[33mclass\u001b[39m=\u001b[32m\"ant-radio-input\"\u001b[39m\n                      \u001b[33mtype\u001b[39m=\u001b[32m\"radio\"\u001b[39m\n                      \u001b[33mvalue\u001b[39m=\u001b[32m\"0,19\"\u001b[39m\n                    \u001b[36m/>\u001b[39m\n                    \u001b[36m<span\u001b[39m\n                      \u001b[33mclass\u001b[39m=\u001b[32m\"ant-radio-inner\"\u001b[39m\n                    \u001b[36m/>\u001b[39m\n                  \u001b[36m</span>\u001b[39m\n                  \u001b[36m<span>\u001b[39m\n                    \u001b[0m$0 to 19\u001b[0m\n                  \u001b[36m</span>\u001b[39m\n                \u001b[36m</label>\u001b[39m\n              \u001b[36m</div>\u001b[39m\n              \u001b[36m<div>\u001b[39m\n                \u001b[36m<label\u001b[39m\n                  \u001b[33mclass\u001b[39m=\u001b[32m\"ant-radio-wrapper css-dev-only-do-not-override-1drr2mu\"\u001b[39m\n                \u001b[36m>\u001b[39m\n                  \u001b[36m<span\u001b[39m\n                    \u001b[33mclass\u001b[39m=\u001b[32m\"ant-radio ant-wave-target\"\u001b[39m\n                  \u001b[36m>\u001b[39m\n                    \u001b[36m<input\u001b[39m\n                      \u001b[33mclass\u001b[39m=\u001b[32m\"ant-radio-input\"\u001b[39m\n                      \u001b[33mtype\u001b[39m=\u001b[32m\"radio\"\u001b[39m\n                      \u001b[33mvalue\u001b[39m=\u001b[32m\"20,39\"\u001b[39m\n                    \u001b[36m/>\u001b[39m\n                    \u001b[36m<span\u001b[39m\n                      \u001b[33mclass\u001b[39m=\u001b[32m\"ant-radio-inner\"\u001b[39m\n                    \u001b[36m/>\u001b[39m\n                  \u001b[36m</span>\u001b[39m\n                  \u001b[36m<span>\u001b[39m\n                    \u001b[0m$20 to 39\u001b[0m\n                  \u001b[36m</span>\u001b[39m\n                \u001b[36m</label>\u001b[39m\n              \u001b[36m</div>\u001b[39m\n              \u001b[36m<div>\u001b[39m\n                \u001b[36m<label\u001b[39m\n                  \u001b[33mclass\u001b[39m=\u001b[32m\"ant-radio-wrapper css-dev-only-do-not-override-1drr2mu\"\u001b[39m\n                \u001b[36m>\u001b[39m\n                  \u001b[36m<span\u001b[39m\n                    \u001b[33mclass\u001b[39m=\u001b[32m\"ant-radio ant-wave-target\"\u001b[39m\n                  \u001b[36m>\u001b[39m\n                    \u001b[36m<input\u001b[39m\n                      \u001b[33mclass\u001b[39m=\u001b[32m\"ant-radio-input\"\u001b[39m\n                      \u001b[33mtype\u001b[39m=\u001b[32m\"radio\"\u001b[39m\n                      \u001b[33mvalue\u001b[39m=\u001b[32m\"40,59\"\u001b[39m\n                    \u001b[36m/>\u001b[39m\n                    \u001b[36m<span\u001b[39m\n                      \u001b[33mclass\u001b[39m=\u001b[32m\"ant-radio-inner\"\u001b[39m\n                    \u001b[36m/>\u001b[39m\n                  \u001b[36m</span>\u001b[39m\n                  \u001b[36m<span>\u001b[39m\n                    \u001b[0m$40 to 59\u001b[0m\n                  \u001b[36m</span>\u001b[39m\n                \u001b[36m</label>\u001b[39m\n              \u001b[36m</div>\u001b[39m\n              \u001b[36m<div>\u001b[39m\n                \u001b[36m<label\u001b[39m\n                  \u001b[33mclass\u001b[39m=\u001b[32m\"ant-radio-wrapper css-dev-only-do-not-override-1drr2mu\"\u001b[39m\n                \u001b[36m>\u001b[39m\n                  \u001b[36m<span\u001b[39m\n                    \u001b[33mclass\u001b[39m=\u001b[32m\"ant-radio ant-wave-target\"\u001b[39m\n                  \u001b[36m>\u001b[39m\n                    \u001b[36m<input\u001b[39m\n                      \u001b[33mclass\u001b[39m=\u001b[32m\"ant-radio-input\"\u001b[39m\n                      \u001b[33mtype\u001b[39m=\u001b[32m\"radio\"\u001b[39m\n                      \u001b[33mvalue\u001b[39m=\u001b[32m\"60,79\"\u001b[39m\n                    \u001b[36m/>\u001b[39m\n                    \u001b[36m<span\u001b[39m\n                      \u001b[33mclass\u001b[39m=\u001b[32m\"ant-radio-inner\"\u001b[39m\n                    \u001b[36m/>\u001b[39m\n                  \u001b[36m</span>\u001b[39m\n                  \u001b[36m<span>\u001b[39m\n                    \u001b[0m$60 to 79\u001b[0m\n                  \u001b[36m</span>\u001b[39m\n                \u001b[36m</label>\u001b[39m\n              \u001b[36m</div>\u001b[39m\n              \u001b[36m<div>\u001b[39m\n                \u001b[36m<label\u001b[39m\n                  \u001b[33mclass\u001b[39m=\u001b[32m\"ant-radio-wrapper css-dev-only-do-not-override-1drr2mu\"\u001b[39m\n                \u001b[36m>\u001b[39m\n                  \u001b[36m<span\u001b[39m\n                    \u001b[33mclass\u001b[39m=\u001b[32m\"ant-radio ant-wave-target\"\u001b[39m\n                  \u001b[36m>\u001b[39m\n                    \u001b[36m<input\u001b[39m\n                      \u001b[33mclass\u001b[39m=\u001b[32m\"ant-radio-input\"\u001b[39m\n                      \u001b[33mtype\u001b[39m=\u001b[32m\"radio\"\u001b[39m\n                      \u001b[33mvalue\u001b[39m=\u001b[32m\"80,99\"\u001b[39m\n                    \u001b[36m/>\u001b[39m\n                    \u001b[36m<span\u001b[39m\n                      \u001b[33mclass\u001b[39m=\u001b[32m\"ant-radio-inner\"\u001b[39m\n                    \u001b[36m/>\u001b[39m\n                  \u001b[36m</span>\u001b[39m\n                  \u001b[36m<span>\u001b[39m\n                    \u001b[0m$80 to 99\u001b[0m\n                  \u001b[36m</span>\u001b[39m\n                \u001b[36m</label>\u001b[39m\n              \u001b[36m</div>\u001b[39m\n              \u001b[36m<div>\u001b[39m\n                \u001b[36m<label\u001b[39m\n                  \u001b[33mclass\u001b[39m=\u001b[32m\"ant-radio-wrapper css-dev-only-do-not-override-1drr2mu\"\u001b[39m\n                \u001b[36m>\u001b[39m\n                  \u001b[36m<span\u001b[39m\n                    \u001b[33mclass\u001b[39m=\u001b[32m\"ant-radio ant-wave-target\"\u001b[39m\n                  \u001b[36m>\u001b[39m\n                    \u001b[36m<input\u001b[39m\n                      \u001b[33mclass\u001b[39m=\u001b[32m\"ant-radio-input\"\u001b[39m\n                      \u001b[33mtype\u001b[39m=\u001b[32m\"radio\"\u001b[39m\n                      \u001b[33mvalue\u001b[39m=\u001b[32m\"100,9999\"\u001b[39m\n                    \u001b[36m/>\u001b[39m\n                    \u001b[36m<span\u001b[39m\n                      \u001b[33mclass\u001b[39m=\u001b[32m\"ant-radio-inner\"\u001b[39m\n                    \u001b[36m/>\u001b[39m\n                  \u001b[36m</span>\u001b[39m\n                  \u001b[36m<span>\u001b[39m\n                    \u001b[0m$100 or more\u001b[0m\n                  \u001b[36m</span>\u001b[39m\n                \u001b[36m</label>\u001b[39m\n              \u001b[36m</div>\u001b[39m\n            \u001b[36m</div>\u001b[39m\n          \u001b[36m</div>\u001b[39m\n          \u001b[36m<div\u001b[39m\n            \u001b[33mclass\u001b[39m=\u001b[32m\"d-flex flex-column\"\u001b[39m\n          \u001b[36m>\u001b[39m\n            \u001b[36m<button\u001b[39m\n              \u001b[33mclass\u001b[39m=\u001b[32m\"btn btn-danger\"\u001b[39m\n            \u001b[36m>\u001b[39m\n              \u001b[0mRESET FILTERS\u001b[0m\n            \u001b[36m</button>\u001b[39m\n          \u001b[36m</div>\u001b[39m\n        \u001b[36m</div>\u001b[39m\n        \u001b[36m<div\u001b[39m\n          \u001b[33mclass\u001b[39m=\u001b[32m\"col-md-9 \"\u001b[39m\n        \u001b[36m>\u001b[39m\n          \u001b[36m<h1\u001b[39m\n            \u001b[33mclass\u001b[39m=\u001b[32m\"text-center\"\u001b[39m\n          \u001b[36m>\u001b[39m\n            \u001b[0mAll Products\u001b[0m\n          \u001b[36m</h1>\u001b[39m\n          \u001b[36m<div\u001b[39m\n            \u001b[33mclass\u001b[39m=\u001b[32m\"d-flex flex-wrap\"\u001b[39m\n          \u001b[36m>\u001b[39m\n            \u001b[36m<div\u001b[39m\n              \u001b[33mclass\u001b[39m=\u001b[32m\"card m-2\"\u001b[39m\n            \u001b[36m>\u001b[39m\n              \u001b[36m<img\u001b[39m\n                \u001b[33malt\u001b[39m=\u001b[32m\"Laptop\"\u001b[39m\n                \u001b[33mclass\u001b[39m=\u001b[32m\"card-img-top\"\u001b[39m\n                \u001b[33msrc\u001b[39m=\u001b[32m\"/api/v1/product/product-photo/1\"\u001b[39m\n              \u001b[36m/>\u001b[39m\n              \u001b[36m<div\u001b[39m\n                \u001b[33mclass\u001b[39m=\u001b[32m\"card-body\"\u001b[39m\n              \u001b[36m>\u001b[39m\n                \u001b[36m<h5\u001b[39m\n                  \u001b[33mclass\u001b[39m=\u001b[32m\"card-title\"\u001b[39m\n                \u001b[36m>\u001b[39m\n                  \u001b[0mLaptop\u001b[0m\n                \u001b[36m</h5>\u001b[39m\n                \u001b[36m<p>\u001b[39m\n                  \u001b[0mHigh-end laptop\u001b[0m\n                  \u001b[0m...\u001b[0m\n                \u001b[36m</p>\u001b[39m\n                \u001b[36m<button\u001b[39m\n                  \u001b[33mclass\u001b[39m=\u001b[32m\"btn btn-info\"\u001b[39m\n                \u001b[36m>\u001b[39m\n                  \u001b[0mView Product\u001b[0m\n                \u001b[36m</button>\u001b[39m\n                \u001b[36m<button\u001b[39m\n                  \u001b[33mclass\u001b[39m=\u001b[32m\"btn btn-dark ms-1\"\u001b[39m\n                \u001b[36m>\u001b[39m\n                  \u001b[0mADD TO CART\u001b[0m\n                \u001b[36m</button>\u001b[39m\n              \u001b[36m</div>\u001b[39m\n            \u001b[36m</div>\u001b[39m\n            \u001b[36m<div\u001b[39m\n              \u001b[33mclass\u001b[39m=\u001b[32m\"card m-2\"\u001b[39m\n            \u001b[36m>\u001b[39m\n              \u001b[36m<img\u001b[39m\n                \u001b[33malt\u001b[39m=\u001b[32m\"Phone\"\u001b[39m\n                \u001b[33mclass\u001b[39m=\u001b[32m\"card-img-top\"\u001b[39m\n                \u001b[33msrc\u001b[39m=\u001b[32m\"/api/v1/product/product-photo/2\"\u001b[39m\n              \u001b[36m/>\u001b[39m\n              \u001b[36m<div\u001b[39m\n                \u001b[33mclass\u001b[39m=\u001b[32m\"card-body\"\u001b[39m\n              \u001b[36m>\u001b[39m\n                \u001b[36m<h5\u001b[39m\n                  \u001b[33mclass\u001b[39m=\u001b[32m\"card-title\"\u001b[39m\n                \u001b[36m>\u001b[39m\n                  \u001b[0mPhone\u001b[0m\n                \u001b[36m</h5>\u001b[39m\n                \u001b[36m<p>\u001b[39m\n                  \u001b[0mLatest smartphone\u001b[0m\n                  \u001b[0m...\u001b[0m\n                \u001b[36m</p>\u001b[39m\n                \u001b[36m<button\u001b[39m\n                  \u001b[33mclass\u001b[39m=\u001b[32m\"btn btn-info\"\u001b[39m\n                \u001b[36m>\u001b[39m\n                  \u001b[0mView Product\u001b[0m\n                \u0
[...]
           \u001b[33mclass\u001b[39m=\u001b[32m\"ant-radio ant-wave-target\"\u001b[39m\n                        \u001b[36m>\u001b[39m\n                          \u001b[36m<input\u001b[39m\n                            \u001b[33mclass\u001b[39m=\u001b[32m\"ant-radio-input\"\u001b[39m\n                            \u001b[33mtype\u001b[39m=\u001b[32m\"radio\"\u001b[39m\n                            \u001b[33mvalue\u001b[39m=\u001b[32m\"40,59\"\u001b[39m\n                          \u001b[36m/>\u001b[39m\n                          \u001b[36m<span\u001b[39m\n                            \u001b[33mclass\u001b[39m=\u001b[32m\"ant-radio-inner\"\u001b[39m\n                          \u001b[36m/>\u001b[39m\n                        \u001b[36m</span>\u001b[39m\n                        \u001b[36m<span>\u001b[39m\n                          \u001b[0m$40 to 59\u001b[0m\n                        \u001b[36m</span>\u001b[39m\n                      \u001b[36m</label>\u001b[39m\n                    \u001b[36m</div>\u001b[39m\n                    \u001b[36m<div>\u001b[39m\n                      \u001b[36m<label\u001b[39m\n                        \u001b[33mclass\u001b[39m=\u001b[32m\"ant-radio-wrapper css-dev-only-do-not-override-1drr2mu\"\u001b[39m\n                      \u001b[36m>\u001b[39m\n                        \u001b[36m<span\u001b[39m\n                          \u001b[33mclass\u001b[39m=\u001b[32m\"ant-radio ant-wave-target\"\u001b[39m\n                        \u001b[36m>\u001b[39m\n                          \u001b[36m<input\u001b[39m\n                            \u001b[33mclass\u001b[39m=\u001b[32m\"ant-radio-input\"\u001b[39m\n                            \u001b[33mtype\u001b[39m=\u001b[32m\"radio\"\u001b[39m\n                            \u001b[33mvalue\u001b[39m=\u001b[32m\"60,79\"\u001b[39m\n                          \u001b[36m/>\u001b[39m\n                          \u001b[36m<span\u001b[39m\n                            \u001b[33mclass\u001b[39m=\u001b[32m\"ant-radio-inner\"\u001b[39m\n                          \u001b[36m/>\u001b[39m\n                        \u001b[36m</span>\u001b[39m\n                        \u001b[36m<span>\u001b[39m\n                          \u001b[0m$60 to 79\u001b[0m\n                        \u001b[36m</span>\u001b[39m\n                      \u001b[36m</label>\u001b[39m\n                    \u001b[36m</div>\u001b[39m\n                    \u001b[36m<div>\u001b[39m\n                      \u001b[36m<label\u001b[39m\n                        \u001b[33mclass\u001b[39m=\u001b[32m\"ant-radio-wrapper css-dev-only-do-not-override-1drr2mu\"\u001b[39m\n                      \u001b[36m>\u001b[39m\n                        \u001b[36m<span\u001b[39m\n                          \u001b[33mclass\u001b[39m=\u001b[32m\"ant-radio ant-wave-target\"\u001b[39m\n                        \u001b[36m>\u001b[39m\n                          \u001b[36m<input\u001b[39m\n                            \u001b[33mclass\u001b[39m=\u001b[32m\"ant-radio-input\"\u001b[39m\n                            \u001b[33mtype\u001b[39m=\u001b[32m\"radio\"\u001b[39m\n                            \u001b[33mvalue\u001b[39m=\u001b[32m\"80,99\"\u001b[39m\n                          \u001b[36m/>\u001b[39m\n                          \u001b[36m<span\u001b[39m\n                            \u001b[33mclass\u001b[39m=\u001b[32m\"ant-radio-inner\"\u001b[39m\n                          \u001b[36m/>\u001b[39m\n                        \u001b[36m</span>\u001b[39m\n                        \u001b[36m<span>\u001b[39m\n                          \u001b[0m$80 to 99\u001b[0m\n                        \u001b[36m</span>\u001b[39m\n                      \u001b[36m</label>\u001b[39m\n                    \u001b[36m</div>\u001b[39m\n                    \u001b[36m<div>\u001b[39m\n                      \u001b[36m<label\u001b[39m\n                        \u001b[33mclass\u001b[39m=\u001b[32m\"ant-radio-wrapper css-dev-only-do-not-override-1drr2mu\"\u001b[39m\n                      \u001b[36m>\u001b[39m\n                        \u001b[36m<span\u001b[39m\n                          \u001b[33mclass\u001b[39m=\u001b[32m\"ant-radio ant-wave-target\"\u001b[39m\n                        \u001b[36m>\u001b[39m\n                          \u001b[36m<input\u001b[39m\n                            \u001b[33mclass\u001b[39m=\u001b[32m\"ant-radio-input\"\u001b[39m\n                            \u001b[33mtype\u001b[39m=\u001b[32m\"radio\"\u001b[39m\n                            \u001b[33mvalue\u001b[39m=\u001b[32m\"100,9999\"\u001b[39m\n                          \u001b[36m/>\u001b[39m\n                          \u001b[36m<span\u001b[39m\n                            \u001b[33mclass\u001b[39m=\u001b[32m\"ant-radio-inner\"\u001b[39m\n                          \u001b[36m/>\u001b[39m\n                        \u001b[36m</span>\u001b[39m\n                        \u001b[36m<span>\u001b[39m\n                          \u001b[0m$100 or more\u001b[0m\n          ...\n\u001b[2m\u001b[22m\n\u001b[2m    \u001b[0m \u001b[90m 568 |\u001b[39m\u001b[22m\n\u001b[2m     \u001b[90m 569 |\u001b[39m         \u001b[36mawait\u001b[39m waitFor(() \u001b[33m=>\u001b[39m {\u001b[22m\n\u001b[2m    \u001b[31m\u001b[1m>\u001b[22m\u001b[2m\u001b[39m\u001b[90m 570 |\u001b[39m             expect(screen\u001b[33m.\u001b[39mqueryByText(\u001b[32m\"All Products\"\u001b[39m))\u001b[33m.\u001b[39mnot\u001b[33m.\u001b[39mtoBeInTheDocument()\u001b[33m;\u001b[39m\u001b[22m\n\u001b[2m     \u001b[90m     |\u001b[39m                                                            \u001b[31m\u001b[1m^\u001b[22m\u001b[2m\u001b[39m\u001b[22m\n\u001b[2m     \u001b[90m 571 |\u001b[39m         })\u001b[33m;\u001b[39m\u001b[22m\n\u001b[2m     \u001b[90m 572 |\u001b[39m     })\u001b[33m;\u001b[39m\u001b[22m\n\u001b[2m     \u001b[90m 573 |\u001b[39m\u001b[0m\u001b[22m\n\u001b[2m\u001b[22m\n\u001b[2m      \u001b[2mat toBeInTheDocument (\u001b[22m\u001b[2m\u001b[0m\u001b[36mclient/src/pages/HomePage.test.js\u001b[39m\u001b[0m\u001b[2m:570:60)\u001b[22m\u001b[2m\u001b[22m\n\u001b[2m      \u001b[2mat runWithExpensiveErrorDiagnosticsDisabled (\u001b[22m\u001b[2mclient/node_modules/@testing-library/react/node_modules/@testing-library/dom/dist/config.js\u001b[2m:47:12)\u001b[22m\u001b[2m\u001b[22m\n\u001b[2m      \u001b[2mat checkCallback (\u001b[22m\u001b[2mclient/node_modules/@testing-library/react/node_modules/@testing-library/dom/dist/wait-for.js\u001b[2m:127:77)\u001b[22m\u001b[2m\u001b[22m\n\u001b[2m      \u001b[2mat checkRealTimersCallback (\u001b[22m\u001b[2mclient/node_modules/@testing-library/react/node_modules/@testing-library/dom/dist/wait-for.js\u001b[2m:121:16)\u001b[22m\u001b[2m\u001b[22m\n\u001b[2m      \u001b[2mat Timeout.task [as _onTimeout] (\u001b[22m\u001b[2mnode_modules/jsdom/lib/jsdom/browser/Window.js\u001b[2m:520:19)\u001b[22m\u001b[2m\u001b[22m\n","name":"C:\\Users\\jerom\\Desktop\\UNIVERSITY\\Y4S2\\CS4218\\cs4218-2420-ecom-project-team19\\client\\src\\pages\\HomePage.test.js","startTime":1741356487199,"status":"failed","summary":""}],"wasInterrupted":false,"coverageMap":{"C:\\Users\\jerom\\Desktop\\UNIVERSITY\\Y4S2\\CS4218\\cs4218-2420-ecom-project-team19\\client\\src\\components\\Prices.js":{"path":"C:\\Users\\jerom\\Desktop\\UNIVERSITY\\Y4S2\\CS4218\\cs4218-2420-ecom-project-team19\\client\\src\\components\\Prices.js","statementMap":{"0":{"start":{"line":1,"column":22},"end":{"line":32,"column":3}}},"fnMap":{},"branchMap":{},"s":{"0":1},"f":{},"b":{},"_coverageSchema":"1a1c01bbd47fc00a2c39e90264f33305004495a9","hash":"6a50b1a2a038ddcd40df743ef372e896e87883a8"},"C:\\Users\\jerom\\Desktop\\UNIVERSITY\\Y4S2\\CS4218\\cs4218-2420-ecom-project-team19\\client\\src\\pages\\HomePage.js":{"path":"C:\\Users\\jerom\\Desktop\\UNIVERSITY\\Y4S2\\CS4218\\cs4218-2420-ecom-project-team19\\client\\src\\pages\\HomePage.js","statementMap":{"0":{"start":{"line":233,"column":17},"end":{"line":414,"column":1}},"1":{"start":{"line":234,"column":19},"end":{"line":234,"column":32}},"2":{"start":{"line":235,"column":26},"end":{"line":235,"column":35}},"3":{"start":{"line":236,"column":34},"end":{"line":236,"column":46}},"4":{"start":{"line":237,"column":38},"end":{"line":237,"column":50}},"5":{"start":{"line":238,"column":32},"end":{"line":238,"column":44}},"6":{"start":{"line":239,"column":28},"end":{"line":239,"column":40}},"7":{"start":{"line":240,"column":28},"end":{"line":240,"column":39}},"8":{"start":{"line":241,"column":26},"end":{"line":241,"column":37}},"9":{"start":{"line":242,"column":32},"end":{"line":242,"column":47}},"10":{"start":{"line":245,"column":25},"end":{"line":254,"column":3}},"11":{"start":{"line":246,"column":4},"end":{"line":253,"column":5}},"12":{"start":{"line":247,"column":23},"end":{"line":247,"column":71}},"13":{"start":{"line":248,"column":6},"end":{"line":250,"column":7}},"14":{"start":{"line":249,"column":8},"end":{"line":249,"column":38}},"15":{"start":{"line":252,"column":6},"end":{"line":252,"column":57}},"16":{"start":{"line":256,"column":2},"end":{"line":259,"column":9}},"17":{"start":{"line":257,"column":4},"end":{"line":257,"column":21}},"18":{"start":{"line":258,"column":4},"end":{"line":258,"column":15}},"19":{"start":{"line":262,"column":25},"end":{"line":272,"column":3}},"20":{"start":{"line":263,"column":4},"end":{"line":271,"column":5}},"21":{"start":{"line":264,"column":6},"end":{"line":264,"column":23}},"22":{"start":{"line":265,"column":23},"end":{"line":265,"column":78}},"23":{"start":{"line":266,"column":6},"end":{"line":266,"column":24}},"24":{"start":{"line":267,"column":6},"end":{"line":267,"column":33}},"25":{"start":{"line":269,"column":6},"end":{"line":269,"column":24}},"26":{"start":{"line":270,"column":6},"end":{"line":270,"column":55}},"27":{"start":{"line":275,"column":19},"end":{"line":282,"column":3}},"28":{"start":{"line":276,"column":4},"end":{"line":281,"column":5}},"29":{"start":{"line":277,"column":23},"end":{"line":277,"column":71}},"30":{"start":{"line":278,"column":6},"end":{"line":278,"column":28}},"31":{"start":{"line":280,"column":6},"end":{"line":280,"column":66}},"32":{"start":{"line":284,"column":2},"end":{"line":287,"column":13}},"33":{"start":{"line":285,"column":4},"end":{"line":285,"column":27}},"34":{"start":{"line":285,"column":20},"end":{"line":285,"column":27}},"35":{"start":{"line":286,"column":4},"end":{"line":286,"column":15}},"36":{"start":{"line":290,"column":19},"end":{"line":300,"column":3}},"37":{"start":{"line":291,"column":4},"end":{"line":299,"column":5}},"38":{"start":{"line":292,"column":6},"end":{"line":292,"column":23}},"39":{"start":{"line":293,"column":23},"end":{"line":293,"column":78}},"40":{"start":{"line":294,"column":6},"end":{"line":294,"column":24}},"41":{"start":{"line":295,"column":6},"end":{"line":295,"column":52}},"42":{"start":{"line":297,"column":6},"end":{"line":297,"column":59}},"43":{"start":{"line":298,"column":6},"end":{"line":298,"column":24}},"44":{"start":{"line":303,"column":23},"end":{"line":311,"column":3}},"45":{"start":{"line":304,"column":14},"end":{"line":304,"column":26}},"46":{"start":{"line":305,"column":4},"end":{"line":309,"column":5}},"47":{"start":{"line":306,"column":6},"end":{"line":306,"column":19}},"48":{"start":{"line":308,"column":6},"end":{"line":308,"column":40}},"49":{"start":{"line":308,"column":30},"end":{"line":308,"column":38}},"50":{"start":{"line":310,"column":4},"end":{"line":310,"column":20}},"51":{"start":{"line":313,"column":2},"end":{"line":315,"column":37}},"52":{"start":{"line":314,"column":4},"end":{"line":314,"column":59}},"53":{"start":{"line":314,"column":42},"end":{"line":314,"column":59}},"54":{"start":{"line":317,"column":2},"end":{"line":319,"column":23}},"55":{"start":{"line":318,"column":4},"end":{"line":318,"column":56}},"56":{"start":{"line":318,"column":40},"end":{"line":318,"column":56}},"57":{"start":{"line":322,"column":24},"end":{"line":333,"column":3}},"58":{"start":{"line":323,"column":4},"end":{"line":332,"column":5}},"59":{"start":{"line":324,"column":23},"end":{"line":327,"column":8}},"60":{"start":{"line":328,"column":6},"end":{"line":328,"column":69}},"61":{"start":{"line":330,"column":6},"end":{"line":330,"column":64}},"62":{"start":{"line":331,"column":6},"end":{"line":331,"column":22}},"63":{"start":{"line":335,"column":2},"end":{"line":413,"column":4}},"64":{"start":{"line":345,"column":14},"end":{"line":347,"column":25}},"65":{"start":{"line":345,"column":53},"end":{"line":345,"column":90}},"66":{"start":{"line":354,"column":42},"end":{"line":354,"column":66}},"67":{"start":{"line":356,"column":16},"end":{"line":358,"column":22}},"68":{"start":{"line":364,"column":62},"end":{"line":364,"column":86}},"69":{"start":{"line":378,"column":16},"end":{"line":397,"column":22}},"70":{"start":{"line":383,"column":68},"end":{"line":383,"column":98}},"71":{"start":{"line":389,"column":24},"end":{"line":389,"column":46}},"72":{"start":{"line":390,"column":24},"end":{"line":390,"column":83}},"73":{"start":{"line":391,"column":24},"end":{"line":391,"column":60}}},"fnMap":{"0":{"name":"(anonymous_0)","decl":{"start":{"line":233,"column":17},"end":{"line":233,"column":18}},"loc":{"start":{"line":233,"column":23},"end":{"line":414,"column":1}},"line":233},"1":{"name":"(anonymous_1)","decl":{"start":{"line":245,"column":25},"end":{"line":245,"column":26}},"loc":{"start":{"line":245,"column":37},"end":{"line":254,"column":3}},"line":245},"2":{"name":"(anonymous_2)","decl":{"start":{"line":256,"column":12},"end":{"line":256,"column":13}},"loc":{"start":{"line":256,"column":18},"end":{"line":259,"column":3}},"line":256},"3":{"name":"(anonymous_3)","decl":{"start":{"line":262,"column":25},"end":{"line":262,"column":26}},"loc":{"start":{"line":262,"column":37},"end":{"line":272,"column":3}},"line":262},"4":{"name":"(anonymous_4)","decl":{"start":{"line":275,"column":19},"end":{"line":275,"column":20}},"loc":{"start":{"line":275,"column":31},"end":{"line":282,"column":3}},"line":275},"5":{"name":"(anonymous_5)","decl":{"start":{"line":284,"column":12},"end":{"line":284,"column":13}},"loc":{"start":{"line":284,"column":18},"end":{"line":287,"column":3}},"line":284},"6":{"name":"(anonymous_6)","decl":{"start":{"line":290,"column":19},"end":{"line":290,"column":20}},"loc":{"start":{"line":290,"column":31},"end":{"line":300,"column":3}},"line":290},"7":{"name":"(anonymous_7)","decl":{"start":{"line":303,"column":23},"end":{"line":303,"column":24}},"loc":{"start":{"line":303,"column":38},"end":{"line":311,"column":3}},"line":303},"8":{"name":"(anonymous_8)","decl":{"start":{"line":308,"column":23},"end":{"line":308,"column":24}},"loc":{"start":{"line":308,"column":30},"end":{"line":308,"column":38}},"line":308},"9":{"name":"(anonymous_9)","decl":{"start":{"line":313,"column":12},"end":{"line":313,"column":13}},"loc":{"start":{"line":313,"column":18},"end":{"line":315,"column":3}},"line":313},"10":{"name":"(anonymous_10)","decl":{"start":{"line":317,"column":12},"end":{"line":317,"column":13}},"loc":{"start":{"line":317,"column":18},"end":{"line":319,"column":3}},"line":317},"11":{"name":"(anonymous_11)","decl":{"start":{"line":322,"column":24},"end":{"line":322,"column":25}},"loc":{"start":{"line":322,"column":36},"end":{"line":333,"column":3}},"line":322},"12":{"name":"(anonymous_12)","decl":{"start":{"line":344,"column":29},"end":{"line":344,"column":30}},"loc":{"start":{"line":345,"column":14},"end":{"line":347,"column":25}},"line":345},"13":{"name":"(anonymous_13)","decl":{"start":{"line":345,"column":46},"end":{"line":345,"column":47}},"loc":{"start":{"line":345,"column":53},"end":{"line":345,"column":90}},"line":345},"14":{"name":"(anonymous_14)","decl":{"start":{"line":354,"column":35},"end":{"line":354,"column":36}},"loc":{"start":{"line":354,"column":42},"end":{"line":354,"column":66}},"line":354},"15":{"name":"(anonymous_15)","decl":{"start":{"line":355,"column":27},"end":{"line":355,"column":28}},"loc":{"start":{"line":356,"column":16},"end":{"line":358,"column":22}},"line":356},"16":{"name":"(anonymous_16)","decl":{"start":{"line":364,"column":56},"end":{"line":364,"column":57}},"loc":{"start":{"line":364,"column":62},"end":{"line":364,"column":86}},"line":364},"17":{"name":"(anonymous_17)","decl":{"start":{"line":377,"column":27},"end":{"line":377,"column":28}},"loc":{"start":{"line":378,"column":16},"end":{"line":397,"column":22}},"line":378},"18":{"name":"(anonymous_18)","decl":{"start":{"line":383,"column":62},"end":{"line":383,"column":63}},"loc":{"start":{"line":383,"column":68},"end":{"line":383,"column":98}},"line":383},"19":{"name":"(anonymous_19)","decl":{"start":{"line":388,"column":31},"end":{"line":388,"column":32}},"loc":{"start":{"line":388,"column":37},"end":{"line":392,"column":23}},"line":388}},"branchMap":{"0":{"loc":{"start":{"line":248,"column":6},"end":{"line":250,"column":7}},"type":"if","locations":[{"start":{"line":248,"column":6},"end":{"line":250,"column":7}},{"start":{},"end":{}}],"line":248},"1":{"loc":{"start":{"line":285,"column":4},"end":{"line":285,"column":27}},"type":"if","locations":[{"start":{"line":285,"column":4},"end":{"line":285,"column":27}},{"start":{},"end":{}}],"line":285},"2":{"loc":{"start":{"line":305,"column":4},"end":{"line":309,"column":5}},"type":"if","locations":[{"start":{"line":305,"column":4},"end":{"line":309,"column":5}},{"start":{"line":307,"column":11},"end":{"line":309,"column":5}}],"line":305},"3":{"loc":{"start":{"line":314,"column":4},"end":{"line":314,"column":59}},"type":"if","locations":[{"start":{"line":314,"column":4},"end":{"line":314,"column":59}},{"start":{},"end":{}}],"line":314},"4":{"loc":{"start":{"line":314,"column":8},"end":{"line":314,"column":40}},"type":"binary-expr","locations":[{"start":{"line":314,"column":8},"end":{"line":314,"column":23}},{"start":{"line":314,"column":27},"end":{"line":314,"column":40}}],"line":314},"5":{"loc":{"start":{"line":318,"column":4},"end":{"line":318,"column":56}},"type":"if","locations":[{"start":{"line":318,"column":4},"end":{"line":318,"column":56}},{"start":{},"end":{}}],"line":318},"6":{"loc":{"start":{"line":318,"column":8},"end":{"line":318,"column":38}},"type":"binary-expr","locations":[{"start":{"line":318,"column":8},"end":{"line":318,"column":22}},{"start":{"line":318,"column":26},"end":{"line":318,"column":38}}],"line":318},"7":{"loc":{"start":{"line":328,"column":18},"end":{"line":328,"column":67}},"type":"cond-expr","locations":[{"start":{"line":328,"column":49},"end":{"line":328,"column":62}},{"start":{"line":328,"column":65},"end":{"line":328,"column":67}}],"line":328},"8":{"loc":{"start":{"line":374,"column":13},"end":{"line":399,"column":13}},"type":"cond-expr","locations":[{"start":{"line":375,"column":14},"end":{"line":375,"column":74}},{"start":{"line":377,"column":14},"end":{"line":398,"column":16}}],"line":374},"9":{"loc":{"start":{"line":378,"column":47},"end":{"line":378,"column":61}},"type":"binary-expr","locations":[{"start":{"line":378,"column":47},"end":{"line":378,"column":52}},{"start":{"line":378,"column":56},"end":{"line":378,"column":61}}],"line":378}},"s":{"0":1,"1":87,"2":87,"3":87,"4":86,"5":86,"6":86,"7":86,"8":86,"9":86,"10":86,"11":25,"12":25,"13":18,"14":8,"15":7,"16":86,"17":25,"18":25,"19":86,"20":27,"21":27,"22":27,"23":20,"24":20,"25":7,"26":7,"27":86,"28":25,"29":25,"30":18,"31":7,"32":86,"33":25,"34":25,"35":0,"36":86,"37":0,"38":0,"39":0,"40":0,"41":0,"42":0,"43":0,"44":86,"45":7,"46":7,"47":5,"48":2,"49":2,"50":7,"51":86,"52":36,"53":27,"54":86,"55":37,"56":10,"57":86,"58":10,"59":10,"60":5,"61":5,"62":5,"63":86,"64":24,"65":7,"66":5,"67":516,"68":1,"69":50,"70":0,"71":0,"72":0,"73":0},"f":{"0":87,"1":25,"2":25,"3":27,"4":25,"5":25,"6":0,"7":7,"8":2,"9":36,"10":37,"11":10,"12":24,"13":7,"14":5,"15":516,"16":1,"17":50,"18":0,"19":0},"b":{"0":[8,10],"1":[25,0],"2":[5,2],"3":[27,9],"4":[36,31],"5":[10,27],"6":[37,32],"7":[5,0],"8":[59,27],"9":[50,0]},"_coverageSchema":"1a1c01bbd47fc00a2c39e90264f33305004495a9","hash":"c7b51dd36276a00e5bf1ecababa4717f75aad47a"}}}
