TN:
SF:client\src\components\Footer.js
FN:4,(anonymous_0)
FNF:1
FNH:1
FNDA:6,(anonymous_0)
DA:4,1
DA:5,6
LF:2
LH:2
BRF:0
BRH:0
end_of_record
TN:
SF:client\src\components\Header.js
FN:10,(anonymous_0)
FN:14,(anonymous_1)
FN:63,(anonymous_2)
FNF:3
FNH:3
FNDA:20,(anonymous_0)
FNDA:2,(anonymous_1)
FNDA:3,(anonymous_2)
DA:10,1
DA:11,20
DA:12,20
DA:13,20
DA:14,20
DA:15,2
DA:20,2
DA:21,2
DA:23,20
DA:64,3
LF:10
LH:10
BRDA:76,0,0,14
BRDA:76,0,1,6
BRDA:105,1,0,2
BRDA:105,1,1,4
BRF:4
BRH:4
end_of_record
TN:
SF:client\src\components\Layout.js
FN:8,(anonymous_0)
FNF:1
FNH:1
FNDA:12,(anonymous_0)
DA:8,1
DA:9,12
DA:28,1
LF:3
LH:3
BRF:0
BRH:0
end_of_record
TN:
SF:client\src\components\Spinner.js
FN:3,(anonymous_0)
FN:8,(anonymous_1)
FN:9,(anonymous_2)
FN:10,(anonymous_3)
FN:15,(anonymous_4)
FNF:5
FNH:5
FNDA:6,(anonymous_0)
FNDA:6,(anonymous_1)
FNDA:5,(anonymous_2)
FNDA:5,(anonymous_3)
FNDA:6,(anonymous_4)
DA:3,1
DA:4,6
DA:5,6
DA:6,6
DA:8,6
DA:9,6
DA:10,5
DA:12,6
DA:15,6
DA:17,6
LF:10
LH:10
BRDA:3,0,0,4
BRDA:12,1,0,6
BRDA:12,1,1,1
BRF:3
BRH:3
end_of_record
TN:
SF:client\src\pages\About.js
FN:4,(anonymous_0)
FNF:1
FNH:1
FNDA:3,(anonymous_0)
DA:4,1
DA:5,3
LF:2
LH:2
BRF:0
BRH:0
end_of_record
TN:
SF:client\src\pages\Pagenotfound.js
FN:5,(anonymous_0)
FNF:1
FNH:1
FNDA:5,(anonymous_0)
DA:5,1
DA:6,5
LF:2
LH:2
BRF:0
BRH:0
end_of_record
TN:
SF:client\src\pages\user\Orders.js
FN:8,(anonymous_0)
FN:11,(anonymous_1)
FN:20,(anonymous_2)
FN:32,(anonymous_3)
FN:58,(anonymous_4)
FNF:5
FNH:5
FNDA:12,(anonymous_0)
FNDA:7,(anonymous_1)
FNDA:8,(anonymous_2)
FNDA:3,(anonymous_3)
FNDA:2,(anonymous_4)
DA:8,1
DA:9,12
DA:10,11
DA:11,11
DA:12,7
DA:13,7
DA:14,4
DA:16,3
DA:20,11
DA:21,8
DA:23,11
DA:33,3
DA:59,2
LF:13
LH:13
BRDA:21,0,0,7
BRDA:21,0,1,1
BRDA:52,1,0,2
BRDA:52,1,1,1
BRF:4
BRH:4
end_of_record
TN:
SF:client\src\pages\user\Profile.js
FN:7,(anonymous_0)
FN:18,(anonymous_1)
FN:27,(anonymous_2)
FN:67,(anonymous_3)
FN:78,(anonymous_4)
FN:89,(anonymous_5)
FN:99,(anonymous_6)
FN:109,(anonymous_7)
FNF:8
FNH:8
FNDA:28,(anonymous_0)
FNDA:11,(anonymous_1)
FNDA:3,(anonymous_2)
FNDA:2,(anonymous_3)
FNDA:1,(anonymous_4)
FNDA:1,(anonymous_5)
FNDA:1,(anonymous_6)
FNDA:1,(anonymous_7)
DA:7,1
DA:9,28
DA:11,28
DA:12,28
DA:13,28
DA:14,28
DA:15,28
DA:18,28
DA:19,11
DA:20,11
DA:21,11
DA:22,11
DA:23,11
DA:27,28
DA:28,3
DA:29,3
DA:30,3
DA:37,2
DA:38,1
DA:40,1
DA:41,1
DA:42,1
DA:43,1
DA:44,1
DA:45,1
DA:48,1
DA:49,1
DA:52,28
DA:67,2
DA:78,1
DA:89,1
DA:99,1
DA:109,1
LF:33
LH:33
BRDA:37,0,0,1
BRDA:37,0,1,1
BRF:2
BRH:2
end_of_record
