TN:
SF:client\src\pages\user\Profile.js
FN:7,(anonymous_0)
FN:18,(anonymous_1)
FN:27,(anonymous_2)
FN:67,(anonymous_3)
FN:78,(anonymous_4)
FN:89,(anonymous_5)
FN:99,(anonymous_6)
FN:109,(anonymous_7)
FNF:8
FNH:8
FNDA:28,(anonymous_0)
FNDA:11,(anonymous_1)
FNDA:3,(anonymous_2)
FNDA:2,(anonymous_3)
FNDA:1,(anonymous_4)
FNDA:1,(anonymous_5)
FNDA:1,(anonymous_6)
FNDA:1,(anonymous_7)
DA:7,1
DA:9,28
DA:11,28
DA:12,28
DA:13,28
DA:14,28
DA:15,28
DA:18,28
DA:19,11
DA:20,11
DA:21,11
DA:22,11
DA:23,11
DA:27,28
DA:28,3
DA:29,3
DA:30,3
DA:37,2
DA:38,1
DA:40,1
DA:41,1
DA:42,1
DA:43,1
DA:44,1
DA:45,1
DA:48,1
DA:49,1
DA:52,28
DA:67,2
DA:78,1
DA:89,1
DA:99,1
DA:109,1
LF:33
LH:33
BRDA:37,0,0,1
BRDA:37,0,1,1
BRF:2
BRH:2
end_of_record
